<?xml version="1.0" encoding="UTF-8"?>
<!-- Generated by org.testng.reporters.JUnitXMLReporter -->
<testsuite hostname="wlpt761" ignored="30" name="testpixels" tests="5" failures="1" timestamp="01 Sep 2020 05:50:39 GMT" time="177.568" errors="0">
  <testcase name="LoginPage" time="6.671" classname="AndroidAppiumAuto.AppActivity"/>
  <testcase name="GetOtp" time="13.846" classname="AndroidAppiumAuto.AppActivity"/>
  <testcase name="contextpopup" time="75.03" classname="AndroidAppiumAuto.AppActivity"/>
  <testcase name="VIPHomePage" time="28.922" classname="AndroidAppiumAuto.AppActivity"/>
  <testcase name="TopUpVoucher" time="13.741" classname="AndroidAppiumAuto.AppActivity">
    <failure type="AndroidAppiumAuto.exceptions.CustomException" message="The Element Voucher could not find from the application please try again !">
      <![CDATA[AndroidAppiumAuto.exceptions.CustomException: The Element Voucher could not find from the application please try again !
at AndroidAppiumAuto.CommonMethods.AppValidation(CommonMethods.java:192)
at AndroidAppiumAuto.AppActivity.TopUpVoucher(AppActivity.java:496)
at java.util.concurrent.FutureTask.run(Unknown Source)
at java.util.concurrent.ThreadPoolExecutor.runWorker(Unknown Source)
at java.util.concurrent.ThreadPoolExecutor$Worker.run(Unknown Source)
at java.lang.Thread.run(Unknown Source)
... Removed 16 stack frames]]>
    </failure>
  </testcase> <!-- TopUpVoucher -->
  <testcase name="VIP_Validation" time="0.0" classname="AndroidAppiumAuto.AppActivity">
    <ignored/>
  </testcase> <!-- VIP_Validation -->
  <testcase name="OnlyForYou" time="0.0" classname="AndroidAppiumAuto.AppActivity">
    <ignored/>
  </testcase> <!-- OnlyForYou -->
  <testcase name="CloseTour" time="0.0" classname="AndroidAppiumAuto.AppActivity">
    <ignored/>
  </testcase> <!-- CloseTour -->
  <testcase name="Ooredoo_Play" time="0.0" classname="AndroidAppiumAuto.AppActivity">
    <ignored/>
  </testcase> <!-- Ooredoo_Play -->
  <testcase name="BuyPackBuy" time="0.0" classname="AndroidAppiumAuto.AppActivity">
    <ignored/>
  </testcase> <!-- BuyPackBuy -->
  <testcase name="BannerDet" time="0.0" classname="AndroidAppiumAuto.AppActivity">
    <ignored/>
  </testcase> <!-- BannerDet -->
  <testcase name="chat" time="0.0" classname="AndroidAppiumAuto.AppActivity">
    <ignored/>
  </testcase> <!-- chat -->
  <testcase name="GiftPackGift" time="0.0" classname="AndroidAppiumAuto.AppActivity">
    <ignored/>
  </testcase> <!-- GiftPackGift -->
  <testcase name="accountview" time="0.0" classname="AndroidAppiumAuto.AppActivity">
    <ignored/>
  </testcase> <!-- accountview -->
  <testcase name="QueryBalanceApi" time="0.0" classname="AndroidAppiumAuto.AppActivity">
    <ignored/>
  </testcase> <!-- QueryBalanceApi -->
  <testcase name="PyawPyawYu" time="0.0" classname="AndroidAppiumAuto.AppActivity">
    <ignored/>
  </testcase> <!-- PyawPyawYu -->
  <testcase name="LiveTVDetails" time="0.0" classname="AndroidAppiumAuto.AppActivity">
    <ignored/>
  </testcase> <!-- LiveTVDetails -->
  <testcase name="Report_An_Issue" time="0.0" classname="AndroidAppiumAuto.AppActivity">
    <ignored/>
  </testcase> <!-- Report_An_Issue -->
  <testcase name="CssProperties" time="0.0" classname="AndroidAppiumAuto.AppActivity">
    <ignored/>
  </testcase> <!-- CssProperties -->
  <testcase name="SpecialVoiceData" time="0.0" classname="AndroidAppiumAuto.AppActivity">
    <ignored/>
  </testcase> <!-- SpecialVoiceData -->
  <testcase name="ByopQueryBalance" time="0.0" classname="AndroidAppiumAuto.AppActivity">
    <ignored/>
  </testcase> <!-- ByopQueryBalance -->
  <testcase name="DDDPacks" time="0.0" classname="AndroidAppiumAuto.AppActivity">
    <ignored/>
  </testcase> <!-- DDDPacks -->
  <testcase name="More_Settings" time="0.0" classname="AndroidAppiumAuto.AppActivity">
    <ignored/>
  </testcase> <!-- More_Settings -->
  <testcase name="VIPMyBenefits" time="0.0" classname="AndroidAppiumAuto.AppActivity">
    <ignored/>
  </testcase> <!-- VIPMyBenefits -->
  <testcase name="TopUpMPitesan" time="0.0" classname="AndroidAppiumAuto.AppActivity">
    <ignored/>
  </testcase> <!-- TopUpMPitesan -->
  <testcase name="VIPMyPoints" time="0.0" classname="AndroidAppiumAuto.AppActivity">
    <ignored/>
  </testcase> <!-- VIPMyPoints -->
  <testcase name="UpdateLocation" time="0.0" classname="AndroidAppiumAuto.AppActivity">
    <ignored/>
  </testcase> <!-- UpdateLocation -->
  <testcase name="ServiceBanner" time="0.0" classname="AndroidAppiumAuto.AppActivity">
    <ignored/>
  </testcase> <!-- ServiceBanner -->
  <testcase name="KyoThone" time="0.0" classname="AndroidAppiumAuto.AppActivity">
    <ignored/>
  </testcase> <!-- KyoThone -->
  <testcase name="VIPMyDiscounts" time="0.0" classname="AndroidAppiumAuto.AppActivity">
    <ignored/>
  </testcase> <!-- VIPMyDiscounts -->
  <testcase name="VipSpinWheel" time="0.0" classname="AndroidAppiumAuto.AppActivity">
    <ignored/>
  </testcase> <!-- VipSpinWheel -->
  <testcase name="contentPop" time="0.0" classname="AndroidAppiumAuto.AppActivity">
    <ignored/>
  </testcase> <!-- contentPop -->
  <testcase name="VIPHomePageShortCutIcons" time="0.0" classname="AndroidAppiumAuto.AppActivity">
    <ignored/>
  </testcase> <!-- VIPHomePageShortCutIcons -->
  <testcase name="VIPEarnMorePoints" time="0.0" classname="AndroidAppiumAuto.AppActivity">
    <ignored/>
  </testcase> <!-- VIPEarnMorePoints -->
  <testcase name="VIPRedeemPoints" time="0.0" classname="AndroidAppiumAuto.AppActivity">
    <ignored/>
  </testcase> <!-- VIPRedeemPoints -->
</testsuite> <!-- testpixels -->
