<?xml version="1.0" encoding="UTF-8"?>
<!-- Generated by org.testng.reporters.JUnitXMLReporter -->
<testsuite hostname="wlpt761" ignored="12" name="Test" tests="23" failures="2" timestamp="15 Sep 2020 16:19:05 GMT" time="2798.357" errors="0">
  <testcase name="LoginPage" time="7.696" classname="AndroidAppiumAuto.AppActivity"/>
  <testcase name="GetOtp" time="12.837" classname="AndroidAppiumAuto.AppActivity"/>
  <testcase name="contextpopup" time="70.6" classname="AndroidAppiumAuto.AppActivity"/>
  <testcase name="VIPHomePage" time="45.955" classname="AndroidAppiumAuto.AppActivity"/>
  <testcase name="DDDPacks" time="37.852" classname="AndroidAppiumAuto.AppActivity"/>
  <testcase name="PyawPyawYu" time="108.478" classname="AndroidAppiumAuto.AppActivity"/>
  <testcase name="VIPHomePageShortCutIcons" time="84.381" classname="AndroidAppiumAuto.AppActivity"/>
  <testcase name="VipSpinWheel" time="76.679" classname="AndroidAppiumAuto.AppActivity"/>
  <testcase name="VIPRedeemPoints" time="153.065" classname="AndroidAppiumAuto.AppActivity"/>
  <testcase name="VIPMyDiscounts" time="90.89" classname="AndroidAppiumAuto.AppActivity"/>
  <testcase name="VIPMyPoints" time="118.766" classname="AndroidAppiumAuto.AppActivity"/>
  <testcase name="UpdateLocation" time="46.212" classname="AndroidAppiumAuto.AppActivity"/>
  <testcase name="VIPEarnMorePoints" time="20.271" classname="AndroidAppiumAuto.AppActivity"/>
  <testcase name="VIPMyBenefits" time="1089.069" classname="AndroidAppiumAuto.AppActivity">
    <failure type="org.openqa.selenium.NoSuchElementException" message="An element could not be located on the page using the given search parameters.
For documentation on this error, please visit: https://www.seleniumhq.org/exceptions/no_such_element.html
Build info: version: &amp;apos;3.141.59&amp;apos;, revision: &amp;apos;e82be7d358&amp;apos;, time: &amp;apos;2018-11-14T08:17:03&amp;apos;
System info: host: &amp;apos;WLPT761&amp;apos;, ip: &amp;apos;172.16.40.212&amp;apos;, os.name: &amp;apos;Windows 10&amp;apos;, os.arch: &amp;apos;amd64&amp;apos;, os.version: &amp;apos;10.0&amp;apos;, java.version: &amp;apos;1.8.0_261&amp;apos;
Driver info: io.appium.java_client.android.AndroidDriver
Capabilities {appActivity: com.ooredoo.selfcare.Ooredoo, appPackage: com.ooredoo.selfcare, autoGrantPermissions: true, autoWebView: true, automationName: UiAutomator2, databaseEnabled: false, desired: {appActivity: com.ooredoo.selfcare.Ooredoo, appPackage: com.ooredoo.selfcare, autoGrantPermissions: true, autoWebView: true, automationName: UiAutomator2, deviceName: uiautomatorviewer, maxInstances: 3, name:  OM Sample Test, platformName: android, platformVersion: 9, udid: 520074b4ee426523}, deviceApiLevel: 28, deviceManufacturer: samsung, deviceModel: SM-A730F, deviceName: 520074b4ee426523, deviceScreenDensity: 480, deviceScreenSize: 1080x2220, deviceUDID: 520074b4ee426523, javascriptEnabled: true, locationContextEnabled: false, maxInstances: 3, name:  OM Sample Test, networkConnectionEnabled: true, pixelRatio: 3, platform: LINUX, platformName: Android, platformVersion: 9, statBarHeight: 72, takesScreenshot: true, udid: 520074b4ee426523, viewportRect: {height: 2004, left: 0, top: 72, width: 1080}, warnings: {}, webStorageEnabled: false}
Session ID: a1dbdcba-4904-4496-be6f-0ef5ce8bcc9f
*** Element info: {Using=xpath, value=//android.widget.LinearLayout[contains(@resource-id,&amp;apos;com.ooredoo.selfcare:id/llBuyPacks&amp;apos;)][2]}">
      <![CDATA[org.openqa.selenium.NoSuchElementException: An element could not be located on the page using the given search parameters.
For documentation on this error, please visit: https://www.seleniumhq.org/exceptions/no_such_element.html
Build info: version: '3.141.59', revision: 'e82be7d358', time: '2018-11-14T08:17:03'
System info: host: 'WLPT761', ip: '172.16.40.212', os.name: 'Windows 10', os.arch: 'amd64', os.version: '10.0', java.version: '1.8.0_261'
Driver info: io.appium.java_client.android.AndroidDriver
Capabilities {appActivity: com.ooredoo.selfcare.Ooredoo, appPackage: com.ooredoo.selfcare, autoGrantPermissions: true, autoWebView: true, automationName: UiAutomator2, databaseEnabled: false, desired: {appActivity: com.ooredoo.selfcare.Ooredoo, appPackage: com.ooredoo.selfcare, autoGrantPermissions: true, autoWebView: true, automationName: UiAutomator2, deviceName: uiautomatorviewer, maxInstances: 3, name:  OM Sample Test, platformName: android, platformVersion: 9, udid: 520074b4ee426523}, deviceApiLevel: 28, deviceManufacturer: samsung, deviceModel: SM-A730F, deviceName: 520074b4ee426523, deviceScreenDensity: 480, deviceScreenSize: 1080x2220, deviceUDID: 520074b4ee426523, javascriptEnabled: true, locationContextEnabled: false, maxInstances: 3, name:  OM Sample Test, networkConnectionEnabled: true, pixelRatio: 3, platform: LINUX, platformName: Android, platformVersion: 9, statBarHeight: 72, takesScreenshot: true, udid: 520074b4ee426523, viewportRect: {height: 2004, left: 0, top: 72, width: 1080}, warnings: {}, webStorageEnabled: false}
Session ID: a1dbdcba-4904-4496-be6f-0ef5ce8bcc9f
*** Element info: {Using=xpath, value=//android.widget.LinearLayout[contains(@resource-id,'com.ooredoo.selfcare:id/llBuyPacks')][2]}
at org.openqa.selenium.remote.http.W3CHttpResponseCodec.createException(W3CHttpResponseCodec.java:187)
at org.openqa.selenium.remote.http.W3CHttpResponseCodec.decode(W3CHttpResponseCodec.java:122)
at org.openqa.selenium.remote.http.W3CHttpResponseCodec.decode(W3CHttpResponseCodec.java:49)
at org.openqa.selenium.remote.HttpCommandExecutor.execute(HttpCommandExecutor.java:158)
at io.appium.java_client.remote.AppiumCommandExecutor.execute(AppiumCommandExecutor.java:239)
at org.openqa.selenium.remote.RemoteWebDriver.execute(RemoteWebDriver.java:552)
at io.appium.java_client.DefaultGenericMobileDriver.execute(DefaultGenericMobileDriver.java:42)
at io.appium.java_client.AppiumDriver.execute(AppiumDriver.java:1)
at io.appium.java_client.android.AndroidDriver.execute(AndroidDriver.java:1)
at org.openqa.selenium.remote.RemoteWebDriver.findElement(RemoteWebDriver.java:323)
at io.appium.java_client.DefaultGenericMobileDriver.findElement(DefaultGenericMobileDriver.java:62)
at io.appium.java_client.AppiumDriver.findElement(AppiumDriver.java:1)
at io.appium.java_client.android.AndroidDriver.findElement(AndroidDriver.java:1)
at org.openqa.selenium.remote.RemoteWebDriver.findElementByXPath(RemoteWebDriver.java:428)
at io.appium.java_client.DefaultGenericMobileDriver.findElementByXPath(DefaultGenericMobileDriver.java:152)
at io.appium.java_client.AppiumDriver.findElementByXPath(AppiumDriver.java:1)
at io.appium.java_client.android.AndroidDriver.findElementByXPath(AndroidDriver.java:1)
at org.openqa.selenium.By$ByXPath.findElement(By.java:353)
at org.openqa.selenium.remote.RemoteWebDriver.findElement(RemoteWebDriver.java:315)
at io.appium.java_client.DefaultGenericMobileDriver.findElement(DefaultGenericMobileDriver.java:58)
at io.appium.java_client.AppiumDriver.findElement(AppiumDriver.java:1)
at io.appium.java_client.android.AndroidDriver.findElement(AndroidDriver.java:1)
at AndroidAppiumAuto.CommonMethods.MyBenefits(CommonMethods.java:1263)
at AndroidAppiumAuto.AppActivity.VIPMyBenefits(AppActivity.java:213)
... Removed 29 stack frames]]>
    </failure>
  </testcase> <!-- VIPMyBenefits -->
  <testcase name="VIPProfileUpdate" time="98.473" classname="AndroidAppiumAuto.AppActivity"/>
  <testcase name="BannerDet" time="96.37" classname="AndroidAppiumAuto.AppActivity"/>
  <testcase name="QueryBalanceApi" time="25.063" classname="AndroidAppiumAuto.AppActivity"/>
  <testcase name="LiveTVDetails" time="52.054" classname="AndroidAppiumAuto.AppActivity"/>
  <testcase name="ByopQueryBalance" time="116.839" classname="AndroidAppiumAuto.AppActivity">
    <failure type="org.openqa.selenium.TimeoutException" message="Expected condition failed: waiting for visibility of element located by By.xpath: //android.widget.TextView[contains(@resource-id, &amp;apos;com.ooredoo.selfcare:id/isb_progress&amp;apos;)] (tried for 30 second(s) with 500 milliseconds interval)">
      <![CDATA[org.openqa.selenium.TimeoutException: Expected condition failed: waiting for visibility of element located by By.xpath: //android.widget.TextView[contains(@resource-id, 'com.ooredoo.selfcare:id/isb_progress')] (tried for 30 second(s) with 500 milliseconds interval)
at org.openqa.selenium.support.ui.WebDriverWait.timeoutException(WebDriverWait.java:95)
at org.openqa.selenium.support.ui.FluentWait.until(FluentWait.java:272)
at AndroidAppiumAuto.SupportMethods.AppValidationList(SupportMethods.java:56)
at AndroidAppiumAuto.AppActivity.ByopQueryBalance(AppActivity.java:386)
Caused by: org.openqa.selenium.NoSuchElementException: An element could not be located on the page using the given search parameters.
For documentation on this error, please visit: https://www.seleniumhq.org/exceptions/no_such_element.html
Build info: version: '3.141.59', revision: 'e82be7d358', time: '2018-11-14T08:17:03'
System info: host: 'WLPT761', ip: '172.16.40.212', os.name: 'Windows 10', os.arch: 'amd64', os.version: '10.0', java.version: '1.8.0_261'
Driver info: io.appium.java_client.android.AndroidDriver
Capabilities {appActivity: com.ooredoo.selfcare.Ooredoo, appPackage: com.ooredoo.selfcare, autoGrantPermissions: true, autoWebView: true, automationName: UiAutomator2, databaseEnabled: false, desired: {appActivity: com.ooredoo.selfcare.Ooredoo, appPackage: com.ooredoo.selfcare, autoGrantPermissions: true, autoWebView: true, automationName: UiAutomator2, deviceName: uiautomatorviewer, maxInstances: 3, name:  OM Sample Test, platformName: android, platformVersion: 9, udid: 520074b4ee426523}, deviceApiLevel: 28, deviceManufacturer: samsung, deviceModel: SM-A730F, deviceName: 520074b4ee426523, deviceScreenDensity: 480, deviceScreenSize: 1080x2220, deviceUDID: 520074b4ee426523, javascriptEnabled: true, locationContextEnabled: false, maxInstances: 3, name:  OM Sample Test, networkConnectionEnabled: true, pixelRatio: 3, platform: LINUX, platformName: Android, platformVersion: 9, statBarHeight: 72, takesScreenshot: true, udid: 520074b4ee426523, viewportRect: {height: 2004, left: 0, top: 72, width: 1080}, warnings: {}, webStorageEnabled: false}
Session ID: a1dbdcba-4904-4496-be6f-0ef5ce8bcc9f
*** Element info: {Using=xpath, value=//android.widget.TextView[contains(@resource-id, 'com.ooredoo.selfcare:id/isb_progress')]}
at org.openqa.selenium.remote.http.W3CHttpResponseCodec.createException(W3CHttpResponseCodec.java:187)
at org.openqa.selenium.remote.http.W3CHttpResponseCodec.decode(W3CHttpResponseCodec.java:122)
at org.openqa.selenium.remote.http.W3CHttpResponseCodec.decode(W3CHttpResponseCodec.java:49)
at org.openqa.selenium.remote.HttpCommandExecutor.execute(HttpCommandExecutor.java:158)
at io.appium.java_client.remote.AppiumCommandExecutor.execute(AppiumCommandExecutor.java:239)
at org.openqa.selenium.remote.RemoteWebDriver.execute(RemoteWebDriver.java:552)
at io.appium.java_client.DefaultGenericMobileDriver.execute(DefaultGenericMobileDriver.java:42)
at io.appium.java_client.AppiumDriver.execute(AppiumDriver.java:1)
at io.appium.java_client.android.AndroidDriver.execute(AndroidDriver.java:1)
at org.openqa.selenium.remote.RemoteWebDriver.findElement(RemoteWebDriver.java:323)
at io.appium.java_client.DefaultGenericMobileDriver.findElement(DefaultGenericMobileDriver.java:62)
at io.appium.java_client.AppiumDriver.findElement(AppiumDriver.java:1)
at io.appium.java_client.android.AndroidDriver.findElement(AndroidDriver.java:1)
at org.openqa.selenium.remote.RemoteWebDriver.findElementByXPath(RemoteWebDriver.java:428)
at io.appium.java_client.DefaultGenericMobileDriver.findElementByXPath(DefaultGenericMobileDriver.java:152)
at io.appium.java_client.AppiumDriver.findElementByXPath(AppiumDriver.java:1)
at io.appium.java_client.android.AndroidDriver.findElementByXPath(AndroidDriver.java:1)
at org.openqa.selenium.By$ByXPath.findElement(By.java:353)
at org.openqa.selenium.remote.RemoteWebDriver.findElement(RemoteWebDriver.java:315)
at io.appium.java_client.DefaultGenericMobileDriver.findElement(DefaultGenericMobileDriver.java:58)
at io.appium.java_client.AppiumDriver.findElement(AppiumDriver.java:1)
at io.appium.java_client.android.AndroidDriver.findElement(AndroidDriver.java:1)
at org.openqa.selenium.support.ui.ExpectedConditions$7.apply(ExpectedConditions.java:205)
at org.openqa.selenium.support.ui.ExpectedConditions$7.apply(ExpectedConditions.java:201)
at org.openqa.selenium.support.ui.FluentWait.until(FluentWait.java:249)
... 27 more
... Removed 28 stack frames]]>
    </failure>
  </testcase> <!-- ByopQueryBalance -->
  <testcase name="Report_An_Issue" time="86.993" classname="AndroidAppiumAuto.AppActivity"/>
  <testcase name="More_Settings" time="77.588" classname="AndroidAppiumAuto.AppActivity"/>
  <testcase name="Ooredoo_Play" time="111.085" classname="AndroidAppiumAuto.AppActivity"/>
  <testcase name="accountview" time="140.98" classname="AndroidAppiumAuto.AppActivity"/>
  <testcase name="VIP_Validation" time="0.0" classname="AndroidAppiumAuto.AppActivity">
    <ignored/>
  </testcase> <!-- VIP_Validation -->
  <testcase name="CssProperties" time="0.0" classname="AndroidAppiumAuto.AppActivity">
    <ignored/>
  </testcase> <!-- CssProperties -->
  <testcase name="SpecialVoiceData" time="0.0" classname="AndroidAppiumAuto.AppActivity">
    <ignored/>
  </testcase> <!-- SpecialVoiceData -->
  <testcase name="chat" time="0.0" classname="AndroidAppiumAuto.AppActivity">
    <ignored/>
  </testcase> <!-- chat -->
  <testcase name="KyoThone" time="0.0" classname="AndroidAppiumAuto.AppActivity">
    <ignored/>
  </testcase> <!-- KyoThone -->
  <testcase name="CloseTour" time="0.0" classname="AndroidAppiumAuto.AppActivity">
    <ignored/>
  </testcase> <!-- CloseTour -->
  <testcase name="contentPop" time="0.0" classname="AndroidAppiumAuto.AppActivity">
    <ignored/>
  </testcase> <!-- contentPop -->
  <testcase name="TopUpVoucher" time="0.0" classname="AndroidAppiumAuto.AppActivity">
    <ignored/>
  </testcase> <!-- TopUpVoucher -->
  <testcase name="GiftPackGift" time="0.0" classname="AndroidAppiumAuto.AppActivity">
    <ignored/>
  </testcase> <!-- GiftPackGift -->
  <testcase name="BuyPackBuy" time="0.0" classname="AndroidAppiumAuto.AppActivity">
    <ignored/>
  </testcase> <!-- BuyPackBuy -->
  <testcase name="TopUpMPitesan" time="0.0" classname="AndroidAppiumAuto.AppActivity">
    <ignored/>
  </testcase> <!-- TopUpMPitesan -->
  <testcase name="ServiceBanner" time="0.0" classname="AndroidAppiumAuto.AppActivity">
    <ignored/>
  </testcase> <!-- ServiceBanner -->
</testsuite> <!-- Test -->
