<?xml version="1.0" encoding="UTF-8"?>
<!-- Generated by org.testng.reporters.JUnitXMLReporter -->
<testsuite hostname="wlpt761" ignored="31" name="testoneplus" tests="3" failures="2" timestamp="26 Aug 2020 12:05:38 GMT" time="90.14" errors="0">
  <testcase name="@BeforeTest launchapp" time="4.436" classname="AndroidAppiumAuto.AppActivity">
    <failure type="org.openqa.selenium.SessionNotCreatedException" message="Unable to create a new remote session. Please check the server log for more details. Original error: [BROWSERSTACK_INVALID_DEVICE] Incorrect device name &amp;apos;Google Nexus 7&amp;apos; specified for the &amp;apos;device&amp;apos; capability. To view the list of available devices and configure the value for &amp;apos;device&amp;apos; capability, visit our capability builder - https://www.browserstack.com/app-automate/capabilities (WARNING: The server did not provide any stacktrace information)
Command duration or timeout: 2.80 seconds
Build info: version: &amp;apos;3.141.59&amp;apos;, revision: &amp;apos;e82be7d358&amp;apos;, time: &amp;apos;2018-11-14T08:17:03&amp;apos;
System info: host: &amp;apos;WLPT761&amp;apos;, ip: &amp;apos;172.16.40.41&amp;apos;, os.name: &amp;apos;Windows 10&amp;apos;, os.arch: &amp;apos;amd64&amp;apos;, os.version: &amp;apos;10.0&amp;apos;, java.version: &amp;apos;1.8.0_261&amp;apos;
Driver info: driver.version: AndroidDriver
Build info: version: &amp;apos;3.141.59&amp;apos;, revision: &amp;apos;e82be7d358&amp;apos;, time: &amp;apos;2018-11-14T08:17:03&amp;apos;
System info: host: &amp;apos;WLPT761&amp;apos;, ip: &amp;apos;172.16.40.41&amp;apos;, os.name: &amp;apos;Windows 10&amp;apos;, os.arch: &amp;apos;amd64&amp;apos;, os.version: &amp;apos;10.0&amp;apos;, java.version: &amp;apos;1.8.0_261&amp;apos;
Driver info: driver.version: AndroidDriver">
      <![CDATA[org.openqa.selenium.SessionNotCreatedException: Unable to create a new remote session. Please check the server log for more details. Original error: [BROWSERSTACK_INVALID_DEVICE] Incorrect device name 'Google Nexus 7' specified for the 'device' capability. To view the list of available devices and configure the value for 'device' capability, visit our capability builder - https://www.browserstack.com/app-automate/capabilities (WARNING: The server did not provide any stacktrace information)
Command duration or timeout: 2.80 seconds
Build info: version: '3.141.59', revision: 'e82be7d358', time: '2018-11-14T08:17:03'
System info: host: 'WLPT761', ip: '172.16.40.41', os.name: 'Windows 10', os.arch: 'amd64', os.version: '10.0', java.version: '1.8.0_261'
Driver info: driver.version: AndroidDriver
Build info: version: '3.141.59', revision: 'e82be7d358', time: '2018-11-14T08:17:03'
System info: host: 'WLPT761', ip: '172.16.40.41', os.name: 'Windows 10', os.arch: 'amd64', os.version: '10.0', java.version: '1.8.0_261'
Driver info: driver.version: AndroidDriver
at io.appium.java_client.remote.AppiumCommandExecutor$1.createSession(AppiumCommandExecutor.java:208)
at io.appium.java_client.remote.AppiumCommandExecutor.createSession(AppiumCommandExecutor.java:217)
at io.appium.java_client.remote.AppiumCommandExecutor.execute(AppiumCommandExecutor.java:239)
at org.openqa.selenium.remote.RemoteWebDriver.execute(RemoteWebDriver.java:552)
at io.appium.java_client.DefaultGenericMobileDriver.execute(DefaultGenericMobileDriver.java:42)
at io.appium.java_client.AppiumDriver.execute(AppiumDriver.java:1)
at io.appium.java_client.android.AndroidDriver.execute(AndroidDriver.java:1)
at org.openqa.selenium.remote.RemoteWebDriver.startSession(RemoteWebDriver.java:213)
at org.openqa.selenium.remote.RemoteWebDriver.<init>(RemoteWebDriver.java:131)
at io.appium.java_client.DefaultGenericMobileDriver.<init>(DefaultGenericMobileDriver.java:38)
at io.appium.java_client.AppiumDriver.<init>(AppiumDriver.java:84)
at io.appium.java_client.AppiumDriver.<init>(AppiumDriver.java:94)
at io.appium.java_client.android.AndroidDriver.<init>(AndroidDriver.java:95)
at AndroidAppiumAuto.AppActivity.launchapp(AppActivity.java:920)
at java.util.concurrent.FutureTask.run(Unknown Source)
at java.util.concurrent.ThreadPoolExecutor.runWorker(Unknown Source)
at java.util.concurrent.ThreadPoolExecutor$Worker.run(Unknown Source)
at java.lang.Thread.run(Unknown Source)
at io.appium.java_client.remote.AppiumCommandExecutor$1.createSession(AppiumCommandExecutor.java:186)
... 32 more
Caused by: org.openqa.selenium.WebDriverException: [BROWSERSTACK_INVALID_DEVICE] Incorrect device name 'Google Nexus 7' specified for the 'device' capability. To view the list of available devices and configure the value for 'device' capability, visit our capability builder - https://www.browserstack.com/app-automate/capabilities (WARNING: The server did not provide any stacktrace information)
Command duration or timeout: 2.80 seconds
Build info: version: '3.141.59', revision: 'e82be7d358', time: '2018-11-14T08:17:03'
System info: host: 'WLPT761', ip: '172.16.40.41', os.name: 'Windows 10', os.arch: 'amd64', os.version: '10.0', java.version: '1.8.0_261'
Driver info: driver.version: AndroidDriver
at org.openqa.selenium.remote.ErrorHandler.createThrowable(ErrorHandler.java:214)
at org.openqa.selenium.remote.ErrorHandler.throwIfResponseFailed(ErrorHandler.java:166)
at org.openqa.selenium.remote.JsonWireProtocolResponse.lambda$errorHandler$0(JsonWireProtocolResponse.java:54)
at org.openqa.selenium.remote.HandshakeResponse.lambda$getResponseFunction$0(HandshakeResponse.java:30)
at org.openqa.selenium.remote.ProtocolHandshake.lambda$createSession$0(ProtocolHandshake.java:126)
at java.util.stream.ReferencePipeline$3$1.accept(Unknown Source)
at java.util.Spliterators$ArraySpliterator.tryAdvance(Unknown Source)
at java.util.stream.ReferencePipeline.forEachWithCancel(Unknown Source)
at java.util.stream.AbstractPipeline.copyIntoWithCancel(Unknown Source)
at java.util.stream.AbstractPipeline.copyInto(Unknown Source)
at java.util.stream.AbstractPipeline.wrapAndCopyInto(Unknown Source)
at java.util.stream.FindOps$FindOp.evaluateSequential(Unknown Source)
at java.util.stream.AbstractPipeline.evaluate(Unknown Source)
at java.util.stream.ReferencePipeline.findFirst(Unknown Source)
at org.openqa.selenium.remote.ProtocolHandshake.createSession(ProtocolHandshake.java:128)
... 37 more
... Removed 24 stack frames]]>
    </failure>
  </testcase> <!-- @BeforeTest launchapp -->
  <testcase name="@AfterMethod getResult" time="0.0" classname="AndroidAppiumAuto.AppActivity">
    <skipped/>
  </testcase> <!-- @AfterMethod getResult -->
  <testcase name="@AfterMethod getResult" time="0.0" classname="AndroidAppiumAuto.AppActivity">
    <skipped/>
  </testcase> <!-- @AfterMethod getResult -->
  <testcase name="@AfterMethod getResult" time="0.0" classname="AndroidAppiumAuto.AppActivity">
    <skipped/>
  </testcase> <!-- @AfterMethod getResult -->
  <testcase name="@AfterMethod getResult" time="0.353" classname="AndroidAppiumAuto.AppActivity">
    <failure type="org.openqa.selenium.NoSuchSessionException" message="A session is either terminated or not started (WARNING: The server did not provide any stacktrace information)
Command duration or timeout: 0 milliseconds
Build info: version: &amp;apos;3.141.59&amp;apos;, revision: &amp;apos;e82be7d358&amp;apos;, time: &amp;apos;2018-11-14T08:17:03&amp;apos;
System info: host: &amp;apos;WLPT761&amp;apos;, ip: &amp;apos;172.16.40.41&amp;apos;, os.name: &amp;apos;Windows 10&amp;apos;, os.arch: &amp;apos;amd64&amp;apos;, os.version: &amp;apos;10.0&amp;apos;, java.version: &amp;apos;1.8.0_261&amp;apos;
Driver info: io.appium.java_client.android.AndroidDriver
Capabilities {64bit: false, AndroidMobileCapabilityType.AUTO_GRANT_PERMISSIONS: true, acceptSslCert: false, acceptSslCerts: false, appActivity: com.ooredoo.selfcare.Ooredoo, appPackage: com.ooredoo.selfcare, automationName: UiAutomator2, browserstack.appDownloadTimeout: 105, browserstack.is_hub_canary: false, browserstack.minOSVersion: 4.4, bundleID: com.ooredoo.selfcare, bundleId: com.ooredoo.selfcare, chromeOptions: {w3c: false}, detected_language: selenium/3.141.59 (java win..., device: oneplus 7, deviceName: Android, enablePerformanceLogging: false, javascriptEnabled: true, maxInstances: 3, mobile: {browser: mobile, version: OnePlus 7-9.0}, nativeWebScreenshot: true, newCommandTimeout: 0, new_bucketing: true, orientation: PORTRAIT, orig_os: android, os_version: , platform: ANDROID, platformName: Android, realMobile: true, sessionName:  OM Sample Test, systemPort: 8205, udid: d468c09b, uiautomator2ServerLaunchTimeout: 60000, version: }
Session ID: a1e44bc49677a7331ebcae4c9baf4dee5ef65bd7">
      <![CDATA[org.openqa.selenium.NoSuchSessionException: A session is either terminated or not started (WARNING: The server did not provide any stacktrace information)
Command duration or timeout: 0 milliseconds
Build info: version: '3.141.59', revision: 'e82be7d358', time: '2018-11-14T08:17:03'
System info: host: 'WLPT761', ip: '172.16.40.41', os.name: 'Windows 10', os.arch: 'amd64', os.version: '10.0', java.version: '1.8.0_261'
Driver info: io.appium.java_client.android.AndroidDriver
Capabilities {64bit: false, AndroidMobileCapabilityType.AUTO_GRANT_PERMISSIONS: true, acceptSslCert: false, acceptSslCerts: false, appActivity: com.ooredoo.selfcare.Ooredoo, appPackage: com.ooredoo.selfcare, automationName: UiAutomator2, browserstack.appDownloadTimeout: 105, browserstack.is_hub_canary: false, browserstack.minOSVersion: 4.4, bundleID: com.ooredoo.selfcare, bundleId: com.ooredoo.selfcare, chromeOptions: {w3c: false}, detected_language: selenium/3.141.59 (java win..., device: oneplus 7, deviceName: Android, enablePerformanceLogging: false, javascriptEnabled: true, maxInstances: 3, mobile: {browser: mobile, version: OnePlus 7-9.0}, nativeWebScreenshot: true, newCommandTimeout: 0, new_bucketing: true, orientation: PORTRAIT, orig_os: android, os_version: , platform: ANDROID, platformName: Android, realMobile: true, sessionName:  OM Sample Test, systemPort: 8205, udid: d468c09b, uiautomator2ServerLaunchTimeout: 60000, version: }
Session ID: a1e44bc49677a7331ebcae4c9baf4dee5ef65bd7
at org.openqa.selenium.remote.ErrorHandler.createThrowable(ErrorHandler.java:214)
at org.openqa.selenium.remote.ErrorHandler.throwIfResponseFailed(ErrorHandler.java:166)
at org.openqa.selenium.remote.http.JsonHttpResponseCodec.reconstructValue(JsonHttpResponseCodec.java:40)
at org.openqa.selenium.remote.http.AbstractHttpResponseCodec.decode(AbstractHttpResponseCodec.java:80)
at org.openqa.selenium.remote.http.AbstractHttpResponseCodec.decode(AbstractHttpResponseCodec.java:44)
at org.openqa.selenium.remote.HttpCommandExecutor.execute(HttpCommandExecutor.java:158)
at io.appium.java_client.remote.AppiumCommandExecutor.execute(AppiumCommandExecutor.java:239)
at org.openqa.selenium.remote.RemoteWebDriver.execute(RemoteWebDriver.java:552)
at io.appium.java_client.DefaultGenericMobileDriver.execute(DefaultGenericMobileDriver.java:46)
at io.appium.java_client.AppiumDriver.execute(AppiumDriver.java:1)
at io.appium.java_client.android.AndroidDriver.execute(AndroidDriver.java:1)
at org.openqa.selenium.remote.RemoteWebDriver.getScreenshotAs(RemoteWebDriver.java:295)
at AndroidAppiumAuto.AppActivity.capture(AppActivity.java:833)
at AndroidAppiumAuto.AppActivity.getResult(AppActivity.java:823)
at java.util.concurrent.FutureTask.run(Unknown Source)
at java.util.concurrent.ThreadPoolExecutor.runWorker(Unknown Source)
at java.util.concurrent.ThreadPoolExecutor$Worker.run(Unknown Source)
at java.lang.Thread.run(Unknown Source)
... Removed 23 stack frames]]>
    </failure>
  </testcase> <!-- @AfterMethod getResult -->
  <testcase name="@AfterMethod getResult" time="0.0" classname="AndroidAppiumAuto.AppActivity">
    <skipped/>
  </testcase> <!-- @AfterMethod getResult -->
  <testcase name="LoginPage" time="30.636" classname="AndroidAppiumAuto.AppActivity">
    <failure type="AndroidAppiumAuto.exceptions.CustomException" message="The Element login could not find from the application please try again !">
      <![CDATA[AndroidAppiumAuto.exceptions.CustomException: The Element login could not find from the application please try again !
at AndroidAppiumAuto.CommonMethods.AppValidation(CommonMethods.java:192)
at AndroidAppiumAuto.AppActivity.LoginPage(AppActivity.java:71)
at java.util.concurrent.FutureTask.run(Unknown Source)
at java.util.concurrent.ThreadPoolExecutor.runWorker(Unknown Source)
at java.util.concurrent.ThreadPoolExecutor$Worker.run(Unknown Source)
at java.lang.Thread.run(Unknown Source)
... Removed 16 stack frames]]>
    </failure>
  </testcase> <!-- LoginPage -->
  <testcase name="GetOtp" time="18.435" classname="AndroidAppiumAuto.AppActivity">
    <failure type="org.openqa.selenium.NoSuchSessionException" message="A session is either terminated or not started (WARNING: The server did not provide any stacktrace information)
Command duration or timeout: 0 milliseconds
Build info: version: &amp;apos;3.141.59&amp;apos;, revision: &amp;apos;e82be7d358&amp;apos;, time: &amp;apos;2018-11-14T08:17:03&amp;apos;
System info: host: &amp;apos;WLPT761&amp;apos;, ip: &amp;apos;172.16.40.41&amp;apos;, os.name: &amp;apos;Windows 10&amp;apos;, os.arch: &amp;apos;amd64&amp;apos;, os.version: &amp;apos;10.0&amp;apos;, java.version: &amp;apos;1.8.0_261&amp;apos;
Driver info: io.appium.java_client.android.AndroidDriver
Capabilities {64bit: false, AndroidMobileCapabilityType.AUTO_GRANT_PERMISSIONS: true, acceptSslCert: false, acceptSslCerts: false, appActivity: com.ooredoo.selfcare.Ooredoo, appPackage: com.ooredoo.selfcare, automationName: UiAutomator2, browserstack.appDownloadTimeout: 105, browserstack.is_hub_canary: false, browserstack.minOSVersion: 4.4, bundleID: com.ooredoo.selfcare, bundleId: com.ooredoo.selfcare, chromeOptions: {w3c: false}, detected_language: selenium/3.141.59 (java win..., device: oneplus 7, deviceName: Android, enablePerformanceLogging: false, javascriptEnabled: true, maxInstances: 3, mobile: {browser: mobile, version: OnePlus 7-9.0}, nativeWebScreenshot: true, newCommandTimeout: 0, new_bucketing: true, orientation: PORTRAIT, orig_os: android, os_version: , platform: ANDROID, platformName: Android, realMobile: true, sessionName:  OM Sample Test, systemPort: 8205, udid: d468c09b, uiautomator2ServerLaunchTimeout: 60000, version: }
Session ID: a1e44bc49677a7331ebcae4c9baf4dee5ef65bd7">
      <![CDATA[org.openqa.selenium.NoSuchSessionException: A session is either terminated or not started (WARNING: The server did not provide any stacktrace information)
Command duration or timeout: 0 milliseconds
Build info: version: '3.141.59', revision: 'e82be7d358', time: '2018-11-14T08:17:03'
System info: host: 'WLPT761', ip: '172.16.40.41', os.name: 'Windows 10', os.arch: 'amd64', os.version: '10.0', java.version: '1.8.0_261'
Driver info: io.appium.java_client.android.AndroidDriver
Capabilities {64bit: false, AndroidMobileCapabilityType.AUTO_GRANT_PERMISSIONS: true, acceptSslCert: false, acceptSslCerts: false, appActivity: com.ooredoo.selfcare.Ooredoo, appPackage: com.ooredoo.selfcare, automationName: UiAutomator2, browserstack.appDownloadTimeout: 105, browserstack.is_hub_canary: false, browserstack.minOSVersion: 4.4, bundleID: com.ooredoo.selfcare, bundleId: com.ooredoo.selfcare, chromeOptions: {w3c: false}, detected_language: selenium/3.141.59 (java win..., device: oneplus 7, deviceName: Android, enablePerformanceLogging: false, javascriptEnabled: true, maxInstances: 3, mobile: {browser: mobile, version: OnePlus 7-9.0}, nativeWebScreenshot: true, newCommandTimeout: 0, new_bucketing: true, orientation: PORTRAIT, orig_os: android, os_version: , platform: ANDROID, platformName: Android, realMobile: true, sessionName:  OM Sample Test, systemPort: 8205, udid: d468c09b, uiautomator2ServerLaunchTimeout: 60000, version: }
Session ID: a1e44bc49677a7331ebcae4c9baf4dee5ef65bd7
at org.openqa.selenium.remote.ErrorHandler.createThrowable(ErrorHandler.java:214)
at org.openqa.selenium.remote.ErrorHandler.throwIfResponseFailed(ErrorHandler.java:166)
at org.openqa.selenium.remote.http.JsonHttpResponseCodec.reconstructValue(JsonHttpResponseCodec.java:40)
at org.openqa.selenium.remote.http.AbstractHttpResponseCodec.decode(AbstractHttpResponseCodec.java:80)
at org.openqa.selenium.remote.http.AbstractHttpResponseCodec.decode(AbstractHttpResponseCodec.java:44)
at org.openqa.selenium.remote.HttpCommandExecutor.execute(HttpCommandExecutor.java:158)
at io.appium.java_client.remote.AppiumCommandExecutor.execute(AppiumCommandExecutor.java:239)
at org.openqa.selenium.remote.RemoteWebDriver.execute(RemoteWebDriver.java:552)
at io.appium.java_client.DefaultGenericMobileDriver.execute(DefaultGenericMobileDriver.java:46)
at io.appium.java_client.AppiumDriver.execute(AppiumDriver.java:1)
at io.appium.java_client.android.AndroidDriver.execute(AndroidDriver.java:1)
at org.openqa.selenium.remote.RemoteWebDriver$RemoteNavigation.back(RemoteWebDriver.java:849)
at AndroidAppiumAuto.CommonMethods.otprecive(CommonMethods.java:547)
at AndroidAppiumAuto.AppActivity.GetOtp(AppActivity.java:93)
at java.util.concurrent.FutureTask.run(Unknown Source)
at java.util.concurrent.ThreadPoolExecutor.runWorker(Unknown Source)
at java.util.concurrent.ThreadPoolExecutor$Worker.run(Unknown Source)
at java.lang.Thread.run(Unknown Source)
... Removed 20 stack frames]]>
    </failure>
  </testcase> <!-- GetOtp -->
  <testcase name="contextpopup" time="0.0" classname="AndroidAppiumAuto.AppActivity">
    <skipped/>
  </testcase> <!-- contextpopup -->
  <testcase name="VIP_Validation" time="0.0" classname="AndroidAppiumAuto.AppActivity">
    <ignored/>
  </testcase> <!-- VIP_Validation -->
  <testcase name="OnlyForYou" time="0.0" classname="AndroidAppiumAuto.AppActivity">
    <ignored/>
  </testcase> <!-- OnlyForYou -->
  <testcase name="CloseTour" time="0.0" classname="AndroidAppiumAuto.AppActivity">
    <ignored/>
  </testcase> <!-- CloseTour -->
  <testcase name="Ooredoo_Play" time="0.0" classname="AndroidAppiumAuto.AppActivity">
    <ignored/>
  </testcase> <!-- Ooredoo_Play -->
  <testcase name="TopUpVoucher" time="0.0" classname="AndroidAppiumAuto.AppActivity">
    <ignored/>
  </testcase> <!-- TopUpVoucher -->
  <testcase name="BuyPackBuy" time="0.0" classname="AndroidAppiumAuto.AppActivity">
    <ignored/>
  </testcase> <!-- BuyPackBuy -->
  <testcase name="VIPHomePage" time="0.0" classname="AndroidAppiumAuto.AppActivity">
    <ignored/>
  </testcase> <!-- VIPHomePage -->
  <testcase name="BannerDet" time="0.0" classname="AndroidAppiumAuto.AppActivity">
    <ignored/>
  </testcase> <!-- BannerDet -->
  <testcase name="chat" time="0.0" classname="AndroidAppiumAuto.AppActivity">
    <ignored/>
  </testcase> <!-- chat -->
  <testcase name="GiftPackGift" time="0.0" classname="AndroidAppiumAuto.AppActivity">
    <ignored/>
  </testcase> <!-- GiftPackGift -->
  <testcase name="accountview" time="0.0" classname="AndroidAppiumAuto.AppActivity">
    <ignored/>
  </testcase> <!-- accountview -->
  <testcase name="QueryBalanceApi" time="0.0" classname="AndroidAppiumAuto.AppActivity">
    <ignored/>
  </testcase> <!-- QueryBalanceApi -->
  <testcase name="PyawPyawYu" time="0.0" classname="AndroidAppiumAuto.AppActivity">
    <ignored/>
  </testcase> <!-- PyawPyawYu -->
  <testcase name="LiveTVDetails" time="0.0" classname="AndroidAppiumAuto.AppActivity">
    <ignored/>
  </testcase> <!-- LiveTVDetails -->
  <testcase name="Report_An_Issue" time="0.0" classname="AndroidAppiumAuto.AppActivity">
    <ignored/>
  </testcase> <!-- Report_An_Issue -->
  <testcase name="CssProperties" time="0.0" classname="AndroidAppiumAuto.AppActivity">
    <ignored/>
  </testcase> <!-- CssProperties -->
  <testcase name="SpecialVoiceData" time="0.0" classname="AndroidAppiumAuto.AppActivity">
    <ignored/>
  </testcase> <!-- SpecialVoiceData -->
  <testcase name="ByopQueryBalance" time="0.0" classname="AndroidAppiumAuto.AppActivity">
    <ignored/>
  </testcase> <!-- ByopQueryBalance -->
  <testcase name="DDDPacks" time="0.0" classname="AndroidAppiumAuto.AppActivity">
    <ignored/>
  </testcase> <!-- DDDPacks -->
  <testcase name="More_Settings" time="0.0" classname="AndroidAppiumAuto.AppActivity">
    <ignored/>
  </testcase> <!-- More_Settings -->
  <testcase name="TopUpMPitesan" time="0.0" classname="AndroidAppiumAuto.AppActivity">
    <ignored/>
  </testcase> <!-- TopUpMPitesan -->
  <testcase name="VIPMyPoints" time="0.0" classname="AndroidAppiumAuto.AppActivity">
    <ignored/>
  </testcase> <!-- VIPMyPoints -->
  <testcase name="UpdateLocation" time="0.0" classname="AndroidAppiumAuto.AppActivity">
    <ignored/>
  </testcase> <!-- UpdateLocation -->
  <testcase name="ServiceBanner" time="0.0" classname="AndroidAppiumAuto.AppActivity">
    <ignored/>
  </testcase> <!-- ServiceBanner -->
  <testcase name="KyoThone" time="0.0" classname="AndroidAppiumAuto.AppActivity">
    <ignored/>
  </testcase> <!-- KyoThone -->
  <testcase name="VIPMyDiscounts" time="0.0" classname="AndroidAppiumAuto.AppActivity">
    <ignored/>
  </testcase> <!-- VIPMyDiscounts -->
  <testcase name="VipSpinWheel" time="0.0" classname="AndroidAppiumAuto.AppActivity">
    <ignored/>
  </testcase> <!-- VipSpinWheel -->
  <testcase name="contentPop" time="0.0" classname="AndroidAppiumAuto.AppActivity">
    <ignored/>
  </testcase> <!-- contentPop -->
  <testcase name="VIPHomePageShortCutIcons" time="0.0" classname="AndroidAppiumAuto.AppActivity">
    <ignored/>
  </testcase> <!-- VIPHomePageShortCutIcons -->
  <testcase name="VIPEarnMorePoints" time="0.0" classname="AndroidAppiumAuto.AppActivity">
    <ignored/>
  </testcase> <!-- VIPEarnMorePoints -->
  <testcase name="VIPRedeemPoints" time="0.0" classname="AndroidAppiumAuto.AppActivity">
    <ignored/>
  </testcase> <!-- VIPRedeemPoints -->
</testsuite> <!-- testoneplus -->
