<?xml version="1.0" encoding="UTF-8"?>
<!-- Generated by org.testng.reporters.JUnitXMLReporter -->
<testsuite hostname="wlpt761" ignored="31" name="testSamsung" tests="3" failures="1" timestamp="26 Aug 2020 12:11:00 GMT" time="78.658" errors="0">
  <testcase name="@AfterMethod getResult" time="0.198" classname="AndroidAppiumAuto.AppActivity">
    <failure type="org.openqa.selenium.remote.UnreachableBrowserException" message="Error communicating with the remote browser. It may have died.
Build info: version: &amp;apos;3.141.59&amp;apos;, revision: &amp;apos;e82be7d358&amp;apos;, time: &amp;apos;2018-11-14T08:17:03&amp;apos;
System info: host: &amp;apos;WLPT761&amp;apos;, ip: &amp;apos;172.16.40.41&amp;apos;, os.name: &amp;apos;Windows 10&amp;apos;, os.arch: &amp;apos;amd64&amp;apos;, os.version: &amp;apos;10.0&amp;apos;, java.version: &amp;apos;1.8.0_261&amp;apos;
Driver info: driver.version: RemoteWebDriver
Capabilities {64bit: false, AndroidMobileCapabilityType.AUTO_GRANT_PERMISSIONS: true, acceptSslCert: false, acceptSslCerts: false, appActivity: com.ooredoo.selfcare.Ooredoo, appPackage: com.ooredoo.selfcare, automationName: UiAutomator2, browserstack.appDownloadTimeout: 105, browserstack.is_hub_canary: false, browserstack.minOSVersion: 4.4, bundleID: com.ooredoo.selfcare, bundleId: com.ooredoo.selfcare, chromeOptions: {w3c: false}, detected_language: selenium/3.141.59 (java win..., device: samsung galaxy s8, deviceName: Android, enablePerformanceLogging: false, javascriptEnabled: true, maxInstances: 3, mobile: {browser: mobile, version: Samsung Galaxy S8-7.0}, nativeWebScreenshot: true, newCommandTimeout: 0, new_bucketing: true, orientation: PORTRAIT, orig_os: android, os_version: , platform: ANDROID, platformName: Android, realMobile: true, sessionName:  OM Sample Test, systemPort: 8202, udid: ce031713742a601d0c, uiautomator2ServerLaunchTimeout: 60000, version: }
Session ID: 6dfb061ba0fc1e5c20fef6252a3107d828a5935e">
      <![CDATA[org.openqa.selenium.remote.UnreachableBrowserException: Error communicating with the remote browser. It may have died.
Build info: version: '3.141.59', revision: 'e82be7d358', time: '2018-11-14T08:17:03'
System info: host: 'WLPT761', ip: '172.16.40.41', os.name: 'Windows 10', os.arch: 'amd64', os.version: '10.0', java.version: '1.8.0_261'
Driver info: driver.version: RemoteWebDriver
Capabilities {64bit: false, AndroidMobileCapabilityType.AUTO_GRANT_PERMISSIONS: true, acceptSslCert: false, acceptSslCerts: false, appActivity: com.ooredoo.selfcare.Ooredoo, appPackage: com.ooredoo.selfcare, automationName: UiAutomator2, browserstack.appDownloadTimeout: 105, browserstack.is_hub_canary: false, browserstack.minOSVersion: 4.4, bundleID: com.ooredoo.selfcare, bundleId: com.ooredoo.selfcare, chromeOptions: {w3c: false}, detected_language: selenium/3.141.59 (java win..., device: samsung galaxy s8, deviceName: Android, enablePerformanceLogging: false, javascriptEnabled: true, maxInstances: 3, mobile: {browser: mobile, version: Samsung Galaxy S8-7.0}, nativeWebScreenshot: true, newCommandTimeout: 0, new_bucketing: true, orientation: PORTRAIT, orig_os: android, os_version: , platform: ANDROID, platformName: Android, realMobile: true, sessionName:  OM Sample Test, systemPort: 8202, udid: ce031713742a601d0c, uiautomator2ServerLaunchTimeout: 60000, version: }
Session ID: 6dfb061ba0fc1e5c20fef6252a3107d828a5935e
at org.openqa.selenium.remote.RemoteWebDriver.execute(RemoteWebDriver.java:573)
at io.appium.java_client.DefaultGenericMobileDriver.execute(DefaultGenericMobileDriver.java:46)
at io.appium.java_client.AppiumDriver.execute(AppiumDriver.java:1)
at io.appium.java_client.android.AndroidDriver.execute(AndroidDriver.java:1)
at org.openqa.selenium.remote.RemoteWebDriver.getScreenshotAs(RemoteWebDriver.java:295)
at AndroidAppiumAuto.AppActivity.capture(AppActivity.java:833)
at AndroidAppiumAuto.AppActivity.getResult(AppActivity.java:823)
at java.util.concurrent.FutureTask.run(Unknown Source)
at java.util.concurrent.ThreadPoolExecutor.runWorker(Unknown Source)
at java.util.concurrent.ThreadPoolExecutor$Worker.run(Unknown Source)
at java.lang.Thread.run(Unknown Source)
Caused by: java.lang.IllegalArgumentException: Cannot decode response content: 
at org.openqa.selenium.remote.http.AbstractHttpResponseCodec.decode(AbstractHttpResponseCodec.java:83)
at org.openqa.selenium.remote.http.AbstractHttpResponseCodec.decode(AbstractHttpResponseCodec.java:44)
at org.openqa.selenium.remote.HttpCommandExecutor.execute(HttpCommandExecutor.java:158)
at io.appium.java_client.remote.AppiumCommandExecutor.execute(AppiumCommandExecutor.java:239)
at org.openqa.selenium.remote.RemoteWebDriver.execute(RemoteWebDriver.java:552)
... 29 more
Caused by: org.openqa.selenium.json.JsonException: Expected to read a START_MAP but instead have: END. Last 0 characters read: 
Build info: version: '3.141.59', revision: 'e82be7d358', time: '2018-11-14T08:17:03'
System info: host: 'WLPT761', ip: '172.16.40.41', os.name: 'Windows 10', os.arch: 'amd64', os.version: '10.0', java.version: '1.8.0_261'
Driver info: driver.version: RemoteWebDriver
at org.openqa.selenium.json.JsonInput.expect(JsonInput.java:290)
at org.openqa.selenium.json.JsonInput.beginObject(JsonInput.java:220)
at org.openqa.selenium.json.MapCoercer.lambda$apply$1(MapCoercer.java:64)
at org.openqa.selenium.json.JsonTypeCoercer.lambda$null$6(JsonTypeCoercer.java:145)
at org.openqa.selenium.json.JsonTypeCoercer.coerce(JsonTypeCoercer.java:126)
at org.openqa.selenium.json.ResponseCoercer.lambda$apply$0(ResponseCoercer.java:50)
at org.openqa.selenium.json.JsonTypeCoercer.lambda$null$6(JsonTypeCoercer.java:145)
at org.openqa.selenium.json.JsonTypeCoercer.coerce(JsonTypeCoercer.java:126)
at org.openqa.selenium.json.Json.toType(Json.java:69)
at org.openqa.selenium.json.Json.toType(Json.java:55)
at org.openqa.selenium.json.Json.toType(Json.java:50)
at org.openqa.selenium.remote.http.AbstractHttpResponseCodec.decode(AbstractHttpResponseCodec.java:80)
... 33 more
... Removed 19 stack frames]]>
    </failure>
  </testcase> <!-- @AfterMethod getResult -->
  <testcase name="@AfterMethod getResult" time="0.0" classname="AndroidAppiumAuto.AppActivity">
    <skipped/>
  </testcase> <!-- @AfterMethod getResult -->
  <testcase name="@AfterMethod getResult" time="0.0" classname="AndroidAppiumAuto.AppActivity">
    <skipped/>
  </testcase> <!-- @AfterMethod getResult -->
  <testcase name="LoginPage" time="19.803" classname="AndroidAppiumAuto.AppActivity">
    <failure type="AndroidAppiumAuto.exceptions.CustomException" message="The Element login could not find from the application please try again !">
      <![CDATA[AndroidAppiumAuto.exceptions.CustomException: The Element login could not find from the application please try again !
at AndroidAppiumAuto.CommonMethods.AppValidation(CommonMethods.java:192)
at AndroidAppiumAuto.AppActivity.LoginPage(AppActivity.java:71)
at java.util.concurrent.FutureTask.run(Unknown Source)
at java.util.concurrent.ThreadPoolExecutor.runWorker(Unknown Source)
at java.util.concurrent.ThreadPoolExecutor$Worker.run(Unknown Source)
at java.lang.Thread.run(Unknown Source)
... Removed 16 stack frames]]>
    </failure>
  </testcase> <!-- LoginPage -->
  <testcase name="GetOtp" time="0.0" classname="AndroidAppiumAuto.AppActivity">
    <skipped/>
  </testcase> <!-- GetOtp -->
  <testcase name="contextpopup" time="0.0" classname="AndroidAppiumAuto.AppActivity">
    <skipped/>
  </testcase> <!-- contextpopup -->
  <testcase name="VIP_Validation" time="0.0" classname="AndroidAppiumAuto.AppActivity">
    <ignored/>
  </testcase> <!-- VIP_Validation -->
  <testcase name="OnlyForYou" time="0.0" classname="AndroidAppiumAuto.AppActivity">
    <ignored/>
  </testcase> <!-- OnlyForYou -->
  <testcase name="CloseTour" time="0.0" classname="AndroidAppiumAuto.AppActivity">
    <ignored/>
  </testcase> <!-- CloseTour -->
  <testcase name="Ooredoo_Play" time="0.0" classname="AndroidAppiumAuto.AppActivity">
    <ignored/>
  </testcase> <!-- Ooredoo_Play -->
  <testcase name="TopUpVoucher" time="0.0" classname="AndroidAppiumAuto.AppActivity">
    <ignored/>
  </testcase> <!-- TopUpVoucher -->
  <testcase name="BuyPackBuy" time="0.0" classname="AndroidAppiumAuto.AppActivity">
    <ignored/>
  </testcase> <!-- BuyPackBuy -->
  <testcase name="VIPHomePage" time="0.0" classname="AndroidAppiumAuto.AppActivity">
    <ignored/>
  </testcase> <!-- VIPHomePage -->
  <testcase name="BannerDet" time="0.0" classname="AndroidAppiumAuto.AppActivity">
    <ignored/>
  </testcase> <!-- BannerDet -->
  <testcase name="chat" time="0.0" classname="AndroidAppiumAuto.AppActivity">
    <ignored/>
  </testcase> <!-- chat -->
  <testcase name="GiftPackGift" time="0.0" classname="AndroidAppiumAuto.AppActivity">
    <ignored/>
  </testcase> <!-- GiftPackGift -->
  <testcase name="accountview" time="0.0" classname="AndroidAppiumAuto.AppActivity">
    <ignored/>
  </testcase> <!-- accountview -->
  <testcase name="QueryBalanceApi" time="0.0" classname="AndroidAppiumAuto.AppActivity">
    <ignored/>
  </testcase> <!-- QueryBalanceApi -->
  <testcase name="PyawPyawYu" time="0.0" classname="AndroidAppiumAuto.AppActivity">
    <ignored/>
  </testcase> <!-- PyawPyawYu -->
  <testcase name="LiveTVDetails" time="0.0" classname="AndroidAppiumAuto.AppActivity">
    <ignored/>
  </testcase> <!-- LiveTVDetails -->
  <testcase name="Report_An_Issue" time="0.0" classname="AndroidAppiumAuto.AppActivity">
    <ignored/>
  </testcase> <!-- Report_An_Issue -->
  <testcase name="CssProperties" time="0.0" classname="AndroidAppiumAuto.AppActivity">
    <ignored/>
  </testcase> <!-- CssProperties -->
  <testcase name="SpecialVoiceData" time="0.0" classname="AndroidAppiumAuto.AppActivity">
    <ignored/>
  </testcase> <!-- SpecialVoiceData -->
  <testcase name="ByopQueryBalance" time="0.0" classname="AndroidAppiumAuto.AppActivity">
    <ignored/>
  </testcase> <!-- ByopQueryBalance -->
  <testcase name="DDDPacks" time="0.0" classname="AndroidAppiumAuto.AppActivity">
    <ignored/>
  </testcase> <!-- DDDPacks -->
  <testcase name="More_Settings" time="0.0" classname="AndroidAppiumAuto.AppActivity">
    <ignored/>
  </testcase> <!-- More_Settings -->
  <testcase name="TopUpMPitesan" time="0.0" classname="AndroidAppiumAuto.AppActivity">
    <ignored/>
  </testcase> <!-- TopUpMPitesan -->
  <testcase name="VIPMyPoints" time="0.0" classname="AndroidAppiumAuto.AppActivity">
    <ignored/>
  </testcase> <!-- VIPMyPoints -->
  <testcase name="UpdateLocation" time="0.0" classname="AndroidAppiumAuto.AppActivity">
    <ignored/>
  </testcase> <!-- UpdateLocation -->
  <testcase name="ServiceBanner" time="0.0" classname="AndroidAppiumAuto.AppActivity">
    <ignored/>
  </testcase> <!-- ServiceBanner -->
  <testcase name="KyoThone" time="0.0" classname="AndroidAppiumAuto.AppActivity">
    <ignored/>
  </testcase> <!-- KyoThone -->
  <testcase name="VIPMyDiscounts" time="0.0" classname="AndroidAppiumAuto.AppActivity">
    <ignored/>
  </testcase> <!-- VIPMyDiscounts -->
  <testcase name="VipSpinWheel" time="0.0" classname="AndroidAppiumAuto.AppActivity">
    <ignored/>
  </testcase> <!-- VipSpinWheel -->
  <testcase name="contentPop" time="0.0" classname="AndroidAppiumAuto.AppActivity">
    <ignored/>
  </testcase> <!-- contentPop -->
  <testcase name="VIPHomePageShortCutIcons" time="0.0" classname="AndroidAppiumAuto.AppActivity">
    <ignored/>
  </testcase> <!-- VIPHomePageShortCutIcons -->
  <testcase name="VIPEarnMorePoints" time="0.0" classname="AndroidAppiumAuto.AppActivity">
    <ignored/>
  </testcase> <!-- VIPEarnMorePoints -->
  <testcase name="VIPRedeemPoints" time="0.0" classname="AndroidAppiumAuto.AppActivity">
    <ignored/>
  </testcase> <!-- VIPRedeemPoints -->
</testsuite> <!-- testSamsung -->
