<?xml version="1.0" encoding="UTF-8"?>
<!-- Generated by org.testng.reporters.JUnitXMLReporter -->
<testsuite hostname="wlpt761" ignored="31" name="Default test" tests="3" failures="1" timestamp="26 Aug 2020 10:21:38 GMT" time="0.179" errors="0">
  <testcase name="@BeforeTest launchapp" time="0.0" classname="AndroidAppiumAuto.AppActivity">
    <failure type="org.testng.TestNGException" message="
Parameter &amp;apos;config&amp;apos; is required by BeforeTest on method launchapp but has not been marked @Optional or defined
in C:\Users\rajesh.k\AppData\Local\Temp\testng-eclipse--775423181\testng-customsuite.xml">
      <![CDATA[org.testng.TestNGException: 
Parameter 'config' is required by BeforeTest on method launchapp but has not been marked @Optional or defined
in C:\Users\rajesh.k\AppData\Local\Temp\testng-eclipse--775423181\testng-customsuite.xml
at org.testng.internal.Parameters.createParams(Parameters.java:290)
at org.testng.internal.Parameters.createParametersForMethod(Parameters.java:359)
at org.testng.internal.Parameters.createParameters(Parameters.java:620)
at org.testng.internal.Parameters.createConfigurationParameters(Parameters.java:190)
at org.testng.internal.Invoker.invokeConfigurations(Invoker.java:209)
at org.testng.internal.Invoker.invokeConfigurations(Invoker.java:142)
at org.testng.TestRunner.beforeRun(TestRunner.java:529)
at org.testng.TestRunner.run(TestRunner.java:497)
at org.testng.SuiteRunner.runTest(SuiteRunner.java:455)
at org.testng.SuiteRunner.runSequentially(SuiteRunner.java:450)
at org.testng.SuiteRunner.privateRun(SuiteRunner.java:415)
at org.testng.SuiteRunner.run(SuiteRunner.java:364)
at org.testng.SuiteRunnerWorker.runSuite(SuiteRunnerWorker.java:52)
at org.testng.SuiteRunnerWorker.run(SuiteRunnerWorker.java:84)
at org.testng.TestNG.runSuitesSequentially(TestNG.java:1208)
at org.testng.TestNG.runSuitesLocally(TestNG.java:1137)
at org.testng.TestNG.runSuites(TestNG.java:1049)
at org.testng.TestNG.run(TestNG.java:1017)
at org.testng.remote.AbstractRemoteTestNG.run(AbstractRemoteTestNG.java:114)
at org.testng.remote.RemoteTestNG.initAndRun(RemoteTestNG.java:251)
at org.testng.remote.RemoteTestNG.main(RemoteTestNG.java:77)
]]>
    </failure>
  </testcase> <!-- @BeforeTest launchapp -->
  <testcase name="@AfterMethod getResult" time="0.0" classname="AndroidAppiumAuto.AppActivity">
    <skipped/>
  </testcase> <!-- @AfterMethod getResult -->
  <testcase name="@AfterMethod getResult" time="0.0" classname="AndroidAppiumAuto.AppActivity">
    <skipped/>
  </testcase> <!-- @AfterMethod getResult -->
  <testcase name="LoginPage" time="0.0" classname="AndroidAppiumAuto.AppActivity">
    <failure type="org.testng.TestNGException" message="
Parameter &amp;apos;msisdn&amp;apos; is required by @Test on method LoginPage but has not been marked @Optional or defined
in C:\Users\rajesh.k\AppData\Local\Temp\testng-eclipse--775423181\testng-customsuite.xml">
      <![CDATA[org.testng.TestNGException: 
Parameter 'msisdn' is required by @Test on method LoginPage but has not been marked @Optional or defined
in C:\Users\rajesh.k\AppData\Local\Temp\testng-eclipse--775423181\testng-customsuite.xml
at org.testng.internal.Parameters.createParams(Parameters.java:290)
at org.testng.internal.Parameters.createParametersForMethod(Parameters.java:359)
at org.testng.internal.Parameters.createParameters(Parameters.java:620)
at org.testng.internal.Parameters.handleParameters(Parameters.java:769)
at org.testng.internal.ParameterHandler.handleParameters(ParameterHandler.java:49)
at org.testng.internal.ParameterHandler.createParameters(ParameterHandler.java:37)
at org.testng.internal.Invoker.invokeTestMethods(Invoker.java:924)
at org.testng.internal.TestMethodWorker.invokeTestMethods(TestMethodWorker.java:125)
at org.testng.internal.TestMethodWorker.run(TestMethodWorker.java:109)
at org.testng.TestRunner.privateRun(TestRunner.java:648)
at org.testng.TestRunner.run(TestRunner.java:505)
at org.testng.SuiteRunner.runTest(SuiteRunner.java:455)
at org.testng.SuiteRunner.runSequentially(SuiteRunner.java:450)
at org.testng.SuiteRunner.privateRun(SuiteRunner.java:415)
at org.testng.SuiteRunner.run(SuiteRunner.java:364)
at org.testng.SuiteRunnerWorker.runSuite(SuiteRunnerWorker.java:52)
at org.testng.SuiteRunnerWorker.run(SuiteRunnerWorker.java:84)
at org.testng.TestNG.runSuitesSequentially(TestNG.java:1208)
at org.testng.TestNG.runSuitesLocally(TestNG.java:1137)
at org.testng.TestNG.runSuites(TestNG.java:1049)
at org.testng.TestNG.run(TestNG.java:1017)
at org.testng.remote.AbstractRemoteTestNG.run(AbstractRemoteTestNG.java:114)
at org.testng.remote.RemoteTestNG.initAndRun(RemoteTestNG.java:251)
at org.testng.remote.RemoteTestNG.main(RemoteTestNG.java:77)
]]>
    </failure>
  </testcase> <!-- LoginPage -->
  <testcase name="GetOtp" time="0.0" classname="AndroidAppiumAuto.AppActivity">
    <skipped/>
  </testcase> <!-- GetOtp -->
  <testcase name="contextpopup" time="0.0" classname="AndroidAppiumAuto.AppActivity">
    <skipped/>
  </testcase> <!-- contextpopup -->
  <testcase name="VIP_Validation" time="0.0" classname="AndroidAppiumAuto.AppActivity">
    <ignored/>
  </testcase> <!-- VIP_Validation -->
  <testcase name="OnlyForYou" time="0.0" classname="AndroidAppiumAuto.AppActivity">
    <ignored/>
  </testcase> <!-- OnlyForYou -->
  <testcase name="CloseTour" time="0.0" classname="AndroidAppiumAuto.AppActivity">
    <ignored/>
  </testcase> <!-- CloseTour -->
  <testcase name="Ooredoo_Play" time="0.0" classname="AndroidAppiumAuto.AppActivity">
    <ignored/>
  </testcase> <!-- Ooredoo_Play -->
  <testcase name="TopUpVoucher" time="0.0" classname="AndroidAppiumAuto.AppActivity">
    <ignored/>
  </testcase> <!-- TopUpVoucher -->
  <testcase name="BuyPackBuy" time="0.0" classname="AndroidAppiumAuto.AppActivity">
    <ignored/>
  </testcase> <!-- BuyPackBuy -->
  <testcase name="VIPHomePage" time="0.0" classname="AndroidAppiumAuto.AppActivity">
    <ignored/>
  </testcase> <!-- VIPHomePage -->
  <testcase name="BannerDet" time="0.0" classname="AndroidAppiumAuto.AppActivity">
    <ignored/>
  </testcase> <!-- BannerDet -->
  <testcase name="chat" time="0.0" classname="AndroidAppiumAuto.AppActivity">
    <ignored/>
  </testcase> <!-- chat -->
  <testcase name="GiftPackGift" time="0.0" classname="AndroidAppiumAuto.AppActivity">
    <ignored/>
  </testcase> <!-- GiftPackGift -->
  <testcase name="accountview" time="0.0" classname="AndroidAppiumAuto.AppActivity">
    <ignored/>
  </testcase> <!-- accountview -->
  <testcase name="QueryBalanceApi" time="0.0" classname="AndroidAppiumAuto.AppActivity">
    <ignored/>
  </testcase> <!-- QueryBalanceApi -->
  <testcase name="PyawPyawYu" time="0.0" classname="AndroidAppiumAuto.AppActivity">
    <ignored/>
  </testcase> <!-- PyawPyawYu -->
  <testcase name="LiveTVDetails" time="0.0" classname="AndroidAppiumAuto.AppActivity">
    <ignored/>
  </testcase> <!-- LiveTVDetails -->
  <testcase name="Report_An_Issue" time="0.0" classname="AndroidAppiumAuto.AppActivity">
    <ignored/>
  </testcase> <!-- Report_An_Issue -->
  <testcase name="CssProperties" time="0.0" classname="AndroidAppiumAuto.AppActivity">
    <ignored/>
  </testcase> <!-- CssProperties -->
  <testcase name="SpecialVoiceData" time="0.0" classname="AndroidAppiumAuto.AppActivity">
    <ignored/>
  </testcase> <!-- SpecialVoiceData -->
  <testcase name="ByopQueryBalance" time="0.0" classname="AndroidAppiumAuto.AppActivity">
    <ignored/>
  </testcase> <!-- ByopQueryBalance -->
  <testcase name="DDDPacks" time="0.0" classname="AndroidAppiumAuto.AppActivity">
    <ignored/>
  </testcase> <!-- DDDPacks -->
  <testcase name="More_Settings" time="0.0" classname="AndroidAppiumAuto.AppActivity">
    <ignored/>
  </testcase> <!-- More_Settings -->
  <testcase name="VIPMyPoints" time="0.0" classname="AndroidAppiumAuto.AppActivity">
    <ignored/>
  </testcase> <!-- VIPMyPoints -->
  <testcase name="TopUpMPitesan" time="0.0" classname="AndroidAppiumAuto.AppActivity">
    <ignored/>
  </testcase> <!-- TopUpMPitesan -->
  <testcase name="UpdateLocation" time="0.0" classname="AndroidAppiumAuto.AppActivity">
    <ignored/>
  </testcase> <!-- UpdateLocation -->
  <testcase name="ServiceBanner" time="0.0" classname="AndroidAppiumAuto.AppActivity">
    <ignored/>
  </testcase> <!-- ServiceBanner -->
  <testcase name="KyoThone" time="0.0" classname="AndroidAppiumAuto.AppActivity">
    <ignored/>
  </testcase> <!-- KyoThone -->
  <testcase name="VIPMyDiscounts" time="0.0" classname="AndroidAppiumAuto.AppActivity">
    <ignored/>
  </testcase> <!-- VIPMyDiscounts -->
  <testcase name="VipSpinWheel" time="0.0" classname="AndroidAppiumAuto.AppActivity">
    <ignored/>
  </testcase> <!-- VipSpinWheel -->
  <testcase name="contentPop" time="0.0" classname="AndroidAppiumAuto.AppActivity">
    <ignored/>
  </testcase> <!-- contentPop -->
  <testcase name="VIPHomePageShortCutIcons" time="0.0" classname="AndroidAppiumAuto.AppActivity">
    <ignored/>
  </testcase> <!-- VIPHomePageShortCutIcons -->
  <testcase name="VIPEarnMorePoints" time="0.0" classname="AndroidAppiumAuto.AppActivity">
    <ignored/>
  </testcase> <!-- VIPEarnMorePoints -->
  <testcase name="VIPRedeemPoints" time="0.0" classname="AndroidAppiumAuto.AppActivity">
    <ignored/>
  </testcase> <!-- VIPRedeemPoints -->
</testsuite> <!-- Default test -->
