<?xml version="1.0" encoding="UTF-8"?>
<!-- Generated by org.testng.reporters.JUnitXMLReporter -->
<testsuite hostname="wlpt761" ignored="0" name="SingleTest" tests="1" failures="0" timestamp="24 Feb 2020 12:25:35 GMT" time="0.161" errors="0">
  <testcase name="@BeforeMethod setUp" time="0.032" classname="AndroidAppiumAuto.BrowserStack">
    <failure type="java.io.FileNotFoundException" message="src\test\resources\conf\single.conf.json (The system cannot find the path specified)">
      <![CDATA[java.io.FileNotFoundException: src\test\resources\conf\single.conf.json (The system cannot find the path specified)
at java.io.FileInputStream.open0(Native Method)
at java.io.FileInputStream.open(Unknown Source)
at java.io.FileInputStream.<init>(Unknown Source)
at java.io.FileInputStream.<init>(Unknown Source)
at java.io.FileReader.<init>(Unknown Source)
at AndroidAppiumAuto.BrowserStack.setUp(BrowserStack.java:29)
... Removed 28 stack frames]]>
    </failure>
  </testcase> <!-- @BeforeMethod setUp -->
  <testcase name="@AfterMethod tearDown" time="0.049" classname="AndroidAppiumAuto.BrowserStack">
    <failure type="java.lang.NullPointerException">
      <![CDATA[java.lang.NullPointerException
at AndroidAppiumAuto.BrowserStack.tearDown(BrowserStack.java:77)
... Removed 28 stack frames]]>
    </failure>
  </testcase> <!-- @AfterMethod tearDown -->
  <testcase name="test" time="0.0" classname="BrowserStack.SingleTest">
    <skipped/>
  </testcase> <!-- test -->
</testsuite> <!-- SingleTest -->
