<?xml version="1.0" encoding="UTF-8"?>
<testng-results skipped="0" failed="2" ignored="12" total="35" passed="21">
  <reporter-output>
  </reporter-output>
  <suite name="Suite" duration-ms="2798357" started-at="2020-09-15T15:32:27Z" finished-at="2020-09-15T16:19:05Z">
    <groups>
    </groups>
    <test name="Test" duration-ms="2798357" started-at="2020-09-15T15:32:27Z" finished-at="2020-09-15T16:19:05Z">
      <class name="AndroidAppiumAuto.AppActivity">
        <test-method status="PASS" signature="launchapp(java.lang.String, java.lang.String)[pri:0, instance:AndroidAppiumAuto.AppActivity@57e1b0c]" name="launchapp" is-config="true" duration-ms="27121" started-at="2020-09-15T15:32:27Z" finished-at="2020-09-15T15:32:54Z">
          <params>
            <param index="0">
              <value>
                <![CDATA[config.json]]>
              </value>
            </param>
            <param index="1">
              <value>
                <![CDATA[9971357267]]>
              </value>
            </param>
          </params>
          <reporter-output>
          </reporter-output>
        </test-method> <!-- launchapp -->
        <test-method status="PASS" signature="LoginPage(java.lang.String)[pri:1, instance:AndroidAppiumAuto.AppActivity@57e1b0c]" name="LoginPage" duration-ms="7696" started-at="2020-09-15T15:32:54Z" description="Login Pages" finished-at="2020-09-15T15:33:02Z">
          <params>
            <param index="0">
              <value>
                <![CDATA[9971357267]]>
              </value>
            </param>
          </params>
          <reporter-output>
          </reporter-output>
        </test-method> <!-- LoginPage -->
        <test-method status="PASS" signature="getResult(org.testng.ITestResult)[pri:0, instance:AndroidAppiumAuto.AppActivity@57e1b0c]" name="getResult" is-config="true" duration-ms="3" started-at="2020-09-15T15:33:02Z" finished-at="2020-09-15T15:33:02Z">
          <params>
            <param index="0">
              <value>
                <![CDATA[[TestResult name=LoginPage status=SUCCESS method=AppActivity.LoginPage(java.lang.String)[pri:1, instance:AndroidAppiumAuto.AppActivity@57e1b0c] output={null}]]]>
              </value>
            </param>
          </params>
          <reporter-output>
          </reporter-output>
        </test-method> <!-- getResult -->
        <test-method status="PASS" signature="GetOtp()[pri:2, instance:AndroidAppiumAuto.AppActivity@57e1b0c]" name="GetOtp" duration-ms="12837" started-at="2020-09-15T15:33:02Z" description="Fetch OTP" finished-at="2020-09-15T15:33:14Z">
          <reporter-output>
          </reporter-output>
        </test-method> <!-- GetOtp -->
        <test-method status="PASS" signature="getResult(org.testng.ITestResult)[pri:0, instance:AndroidAppiumAuto.AppActivity@57e1b0c]" name="getResult" is-config="true" duration-ms="2" started-at="2020-09-15T15:33:14Z" finished-at="2020-09-15T15:33:14Z">
          <params>
            <param index="0">
              <value>
                <![CDATA[[TestResult name=GetOtp status=SUCCESS method=AppActivity.GetOtp()[pri:2, instance:AndroidAppiumAuto.AppActivity@57e1b0c] output={null}]]]>
              </value>
            </param>
          </params>
          <reporter-output>
          </reporter-output>
        </test-method> <!-- getResult -->
        <test-method status="PASS" signature="contextpopup()[pri:3, instance:AndroidAppiumAuto.AppActivity@57e1b0c]" name="contextpopup" duration-ms="70600" started-at="2020-09-15T15:33:14Z" description="Contextual Popup" finished-at="2020-09-15T15:34:25Z">
          <reporter-output>
          </reporter-output>
        </test-method> <!-- contextpopup -->
        <test-method status="PASS" signature="getResult(org.testng.ITestResult)[pri:0, instance:AndroidAppiumAuto.AppActivity@57e1b0c]" name="getResult" is-config="true" duration-ms="13" started-at="2020-09-15T15:34:25Z" finished-at="2020-09-15T15:34:25Z">
          <params>
            <param index="0">
              <value>
                <![CDATA[[TestResult name=contextpopup status=SUCCESS method=AppActivity.contextpopup()[pri:3, instance:AndroidAppiumAuto.AppActivity@57e1b0c] output={null}]]]>
              </value>
            </param>
          </params>
          <reporter-output>
          </reporter-output>
        </test-method> <!-- getResult -->
        <test-method status="PASS" signature="VIPHomePage()[pri:4, instance:AndroidAppiumAuto.AppActivity@57e1b0c]" name="VIPHomePage" duration-ms="45955" started-at="2020-09-15T15:34:25Z" description="VIP HomePage" finished-at="2020-09-15T15:35:11Z">
          <reporter-output>
          </reporter-output>
        </test-method> <!-- VIPHomePage -->
        <test-method status="PASS" signature="getResult(org.testng.ITestResult)[pri:0, instance:AndroidAppiumAuto.AppActivity@57e1b0c]" name="getResult" is-config="true" duration-ms="1" started-at="2020-09-15T15:35:11Z" finished-at="2020-09-15T15:35:11Z">
          <params>
            <param index="0">
              <value>
                <![CDATA[[TestResult name=VIPHomePage status=SUCCESS method=AppActivity.VIPHomePage()[pri:4, instance:AndroidAppiumAuto.AppActivity@57e1b0c] output={null}]]]>
              </value>
            </param>
          </params>
          <reporter-output>
          </reporter-output>
        </test-method> <!-- getResult -->
        <test-method status="PASS" signature="DDDPacks()[pri:5, instance:AndroidAppiumAuto.AppActivity@57e1b0c]" name="DDDPacks" duration-ms="37852" started-at="2020-09-15T15:35:11Z" description="DDD Packs" finished-at="2020-09-15T15:35:49Z">
          <reporter-output>
          </reporter-output>
        </test-method> <!-- DDDPacks -->
        <test-method status="PASS" signature="getResult(org.testng.ITestResult)[pri:0, instance:AndroidAppiumAuto.AppActivity@57e1b0c]" name="getResult" is-config="true" duration-ms="1" started-at="2020-09-15T15:35:49Z" finished-at="2020-09-15T15:35:49Z">
          <params>
            <param index="0">
              <value>
                <![CDATA[[TestResult name=DDDPacks status=SUCCESS method=AppActivity.DDDPacks()[pri:5, instance:AndroidAppiumAuto.AppActivity@57e1b0c] output={null}]]]>
              </value>
            </param>
          </params>
          <reporter-output>
          </reporter-output>
        </test-method> <!-- getResult -->
        <test-method status="PASS" signature="PyawPyawYu()[pri:6, instance:AndroidAppiumAuto.AppActivity@57e1b0c]" name="PyawPyawYu" duration-ms="108478" started-at="2020-09-15T15:35:49Z" description="Pyaw Pyaw Yu" finished-at="2020-09-15T15:37:37Z">
          <reporter-output>
          </reporter-output>
        </test-method> <!-- PyawPyawYu -->
        <test-method status="PASS" signature="getResult(org.testng.ITestResult)[pri:0, instance:AndroidAppiumAuto.AppActivity@57e1b0c]" name="getResult" is-config="true" duration-ms="1" started-at="2020-09-15T15:37:37Z" finished-at="2020-09-15T15:37:37Z">
          <params>
            <param index="0">
              <value>
                <![CDATA[[TestResult name=PyawPyawYu status=SUCCESS method=AppActivity.PyawPyawYu()[pri:6, instance:AndroidAppiumAuto.AppActivity@57e1b0c] output={null}]]]>
              </value>
            </param>
          </params>
          <reporter-output>
          </reporter-output>
        </test-method> <!-- getResult -->
        <test-method status="PASS" signature="VIPHomePageShortCutIcons()[pri:7, instance:AndroidAppiumAuto.AppActivity@57e1b0c]" name="VIPHomePageShortCutIcons" duration-ms="84381" started-at="2020-09-15T15:37:37Z" description="VIPHomePageShortCutIcons" finished-at="2020-09-15T15:39:02Z">
          <reporter-output>
          </reporter-output>
        </test-method> <!-- VIPHomePageShortCutIcons -->
        <test-method status="PASS" signature="getResult(org.testng.ITestResult)[pri:0, instance:AndroidAppiumAuto.AppActivity@57e1b0c]" name="getResult" is-config="true" duration-ms="0" started-at="2020-09-15T15:39:02Z" finished-at="2020-09-15T15:39:02Z">
          <params>
            <param index="0">
              <value>
                <![CDATA[[TestResult name=VIPHomePageShortCutIcons status=SUCCESS method=AppActivity.VIPHomePageShortCutIcons()[pri:7, instance:AndroidAppiumAuto.AppActivity@57e1b0c] output={null}]]]>
              </value>
            </param>
          </params>
          <reporter-output>
          </reporter-output>
        </test-method> <!-- getResult -->
        <test-method status="PASS" signature="VipSpinWheel()[pri:8, instance:AndroidAppiumAuto.AppActivity@57e1b0c]" name="VipSpinWheel" duration-ms="76679" started-at="2020-09-15T15:39:02Z" description="VIP Spin The Wheel" finished-at="2020-09-15T15:40:18Z">
          <reporter-output>
          </reporter-output>
        </test-method> <!-- VipSpinWheel -->
        <test-method status="PASS" signature="getResult(org.testng.ITestResult)[pri:0, instance:AndroidAppiumAuto.AppActivity@57e1b0c]" name="getResult" is-config="true" duration-ms="0" started-at="2020-09-15T15:40:18Z" finished-at="2020-09-15T15:40:18Z">
          <params>
            <param index="0">
              <value>
                <![CDATA[[TestResult name=VipSpinWheel status=SUCCESS method=AppActivity.VipSpinWheel()[pri:8, instance:AndroidAppiumAuto.AppActivity@57e1b0c] output={null}]]]>
              </value>
            </param>
          </params>
          <reporter-output>
          </reporter-output>
        </test-method> <!-- getResult -->
        <test-method status="PASS" signature="VIPRedeemPoints()[pri:9, instance:AndroidAppiumAuto.AppActivity@57e1b0c]" name="VIPRedeemPoints" duration-ms="153065" started-at="2020-09-15T15:40:18Z" description="VIP RedeemPoints" finished-at="2020-09-15T15:42:51Z">
          <reporter-output>
          </reporter-output>
        </test-method> <!-- VIPRedeemPoints -->
        <test-method status="PASS" signature="getResult(org.testng.ITestResult)[pri:0, instance:AndroidAppiumAuto.AppActivity@57e1b0c]" name="getResult" is-config="true" duration-ms="0" started-at="2020-09-15T15:42:51Z" finished-at="2020-09-15T15:42:51Z">
          <params>
            <param index="0">
              <value>
                <![CDATA[[TestResult name=VIPRedeemPoints status=SUCCESS method=AppActivity.VIPRedeemPoints()[pri:9, instance:AndroidAppiumAuto.AppActivity@57e1b0c] output={null}]]]>
              </value>
            </param>
          </params>
          <reporter-output>
          </reporter-output>
        </test-method> <!-- getResult -->
        <test-method status="PASS" signature="VIPMyDiscounts()[pri:10, instance:AndroidAppiumAuto.AppActivity@57e1b0c]" name="VIPMyDiscounts" duration-ms="90890" started-at="2020-09-15T15:42:51Z" description="VIP MyDiscounts" finished-at="2020-09-15T15:44:22Z">
          <reporter-output>
          </reporter-output>
        </test-method> <!-- VIPMyDiscounts -->
        <test-method status="PASS" signature="getResult(org.testng.ITestResult)[pri:0, instance:AndroidAppiumAuto.AppActivity@57e1b0c]" name="getResult" is-config="true" duration-ms="0" started-at="2020-09-15T15:44:22Z" finished-at="2020-09-15T15:44:22Z">
          <params>
            <param index="0">
              <value>
                <![CDATA[[TestResult name=VIPMyDiscounts status=SUCCESS method=AppActivity.VIPMyDiscounts()[pri:10, instance:AndroidAppiumAuto.AppActivity@57e1b0c] output={null}]]]>
              </value>
            </param>
          </params>
          <reporter-output>
          </reporter-output>
        </test-method> <!-- getResult -->
        <test-method status="PASS" signature="VIPMyPoints()[pri:11, instance:AndroidAppiumAuto.AppActivity@57e1b0c]" name="VIPMyPoints" duration-ms="118766" started-at="2020-09-15T15:44:22Z" description="VIP MyPoints" finished-at="2020-09-15T15:46:21Z">
          <reporter-output>
          </reporter-output>
        </test-method> <!-- VIPMyPoints -->
        <test-method status="PASS" signature="getResult(org.testng.ITestResult)[pri:0, instance:AndroidAppiumAuto.AppActivity@57e1b0c]" name="getResult" is-config="true" duration-ms="1" started-at="2020-09-15T15:46:21Z" finished-at="2020-09-15T15:46:21Z">
          <params>
            <param index="0">
              <value>
                <![CDATA[[TestResult name=VIPMyPoints status=SUCCESS method=AppActivity.VIPMyPoints()[pri:11, instance:AndroidAppiumAuto.AppActivity@57e1b0c] output={null}]]]>
              </value>
            </param>
          </params>
          <reporter-output>
          </reporter-output>
        </test-method> <!-- getResult -->
        <test-method status="PASS" signature="UpdateLocation()[pri:12, instance:AndroidAppiumAuto.AppActivity@57e1b0c]" name="UpdateLocation" duration-ms="46212" started-at="2020-09-15T15:46:21Z" description="UpdateLocation" finished-at="2020-09-15T15:47:07Z">
          <reporter-output>
          </reporter-output>
        </test-method> <!-- UpdateLocation -->
        <test-method status="PASS" signature="getResult(org.testng.ITestResult)[pri:0, instance:AndroidAppiumAuto.AppActivity@57e1b0c]" name="getResult" is-config="true" duration-ms="0" started-at="2020-09-15T15:47:07Z" finished-at="2020-09-15T15:47:07Z">
          <params>
            <param index="0">
              <value>
                <![CDATA[[TestResult name=UpdateLocation status=SUCCESS method=AppActivity.UpdateLocation()[pri:12, instance:AndroidAppiumAuto.AppActivity@57e1b0c] output={null}]]]>
              </value>
            </param>
          </params>
          <reporter-output>
          </reporter-output>
        </test-method> <!-- getResult -->
        <test-method status="PASS" signature="VIPEarnMorePoints()[pri:13, instance:AndroidAppiumAuto.AppActivity@57e1b0c]" name="VIPEarnMorePoints" duration-ms="20271" started-at="2020-09-15T15:47:07Z" description="VIP EarnMorePoints" finished-at="2020-09-15T15:47:28Z">
          <reporter-output>
          </reporter-output>
        </test-method> <!-- VIPEarnMorePoints -->
        <test-method status="PASS" signature="getResult(org.testng.ITestResult)[pri:0, instance:AndroidAppiumAuto.AppActivity@57e1b0c]" name="getResult" is-config="true" duration-ms="0" started-at="2020-09-15T15:47:28Z" finished-at="2020-09-15T15:47:28Z">
          <params>
            <param index="0">
              <value>
                <![CDATA[[TestResult name=VIPEarnMorePoints status=SUCCESS method=AppActivity.VIPEarnMorePoints()[pri:13, instance:AndroidAppiumAuto.AppActivity@57e1b0c] output={null}]]]>
              </value>
            </param>
          </params>
          <reporter-output>
          </reporter-output>
        </test-method> <!-- getResult -->
        <test-method status="FAIL" signature="VIPMyBenefits()[pri:14, instance:AndroidAppiumAuto.AppActivity@57e1b0c]" name="VIPMyBenefits" duration-ms="1089069" started-at="2020-09-15T15:47:28Z" description="VIP MyBenefits" finished-at="2020-09-15T16:05:37Z">
          <exception class="org.openqa.selenium.NoSuchElementException">
            <message>
              <![CDATA[An element could not be located on the page using the given search parameters.
For documentation on this error, please visit: https://www.seleniumhq.org/exceptions/no_such_element.html
Build info: version: '3.141.59', revision: 'e82be7d358', time: '2018-11-14T08:17:03'
System info: host: 'WLPT761', ip: '172.16.40.212', os.name: 'Windows 10', os.arch: 'amd64', os.version: '10.0', java.version: '1.8.0_261'
Driver info: io.appium.java_client.android.AndroidDriver
Capabilities {appActivity: com.ooredoo.selfcare.Ooredoo, appPackage: com.ooredoo.selfcare, autoGrantPermissions: true, autoWebView: true, automationName: UiAutomator2, databaseEnabled: false, desired: {appActivity: com.ooredoo.selfcare.Ooredoo, appPackage: com.ooredoo.selfcare, autoGrantPermissions: true, autoWebView: true, automationName: UiAutomator2, deviceName: uiautomatorviewer, maxInstances: 3, name:  OM Sample Test, platformName: android, platformVersion: 9, udid: 520074b4ee426523}, deviceApiLevel: 28, deviceManufacturer: samsung, deviceModel: SM-A730F, deviceName: 520074b4ee426523, deviceScreenDensity: 480, deviceScreenSize: 1080x2220, deviceUDID: 520074b4ee426523, javascriptEnabled: true, locationContextEnabled: false, maxInstances: 3, name:  OM Sample Test, networkConnectionEnabled: true, pixelRatio: 3, platform: LINUX, platformName: Android, platformVersion: 9, statBarHeight: 72, takesScreenshot: true, udid: 520074b4ee426523, viewportRect: {height: 2004, left: 0, top: 72, width: 1080}, warnings: {}, webStorageEnabled: false}
Session ID: a1dbdcba-4904-4496-be6f-0ef5ce8bcc9f
*** Element info: {Using=xpath, value=//android.widget.LinearLayout[contains(@resource-id,'com.ooredoo.selfcare:id/llBuyPacks')][2]}]]>
            </message>
            <full-stacktrace>
              <![CDATA[org.openqa.selenium.NoSuchElementException: An element could not be located on the page using the given search parameters.
For documentation on this error, please visit: https://www.seleniumhq.org/exceptions/no_such_element.html
Build info: version: '3.141.59', revision: 'e82be7d358', time: '2018-11-14T08:17:03'
System info: host: 'WLPT761', ip: '172.16.40.212', os.name: 'Windows 10', os.arch: 'amd64', os.version: '10.0', java.version: '1.8.0_261'
Driver info: io.appium.java_client.android.AndroidDriver
Capabilities {appActivity: com.ooredoo.selfcare.Ooredoo, appPackage: com.ooredoo.selfcare, autoGrantPermissions: true, autoWebView: true, automationName: UiAutomator2, databaseEnabled: false, desired: {appActivity: com.ooredoo.selfcare.Ooredoo, appPackage: com.ooredoo.selfcare, autoGrantPermissions: true, autoWebView: true, automationName: UiAutomator2, deviceName: uiautomatorviewer, maxInstances: 3, name:  OM Sample Test, platformName: android, platformVersion: 9, udid: 520074b4ee426523}, deviceApiLevel: 28, deviceManufacturer: samsung, deviceModel: SM-A730F, deviceName: 520074b4ee426523, deviceScreenDensity: 480, deviceScreenSize: 1080x2220, deviceUDID: 520074b4ee426523, javascriptEnabled: true, locationContextEnabled: false, maxInstances: 3, name:  OM Sample Test, networkConnectionEnabled: true, pixelRatio: 3, platform: LINUX, platformName: Android, platformVersion: 9, statBarHeight: 72, takesScreenshot: true, udid: 520074b4ee426523, viewportRect: {height: 2004, left: 0, top: 72, width: 1080}, warnings: {}, webStorageEnabled: false}
Session ID: a1dbdcba-4904-4496-be6f-0ef5ce8bcc9f
*** Element info: {Using=xpath, value=//android.widget.LinearLayout[contains(@resource-id,'com.ooredoo.selfcare:id/llBuyPacks')][2]}
at sun.reflect.NativeConstructorAccessorImpl.newInstance0(Native Method)
at sun.reflect.NativeConstructorAccessorImpl.newInstance(Unknown Source)
at sun.reflect.DelegatingConstructorAccessorImpl.newInstance(Unknown Source)
at java.lang.reflect.Constructor.newInstance(Unknown Source)
at org.openqa.selenium.remote.http.W3CHttpResponseCodec.createException(W3CHttpResponseCodec.java:187)
at org.openqa.selenium.remote.http.W3CHttpResponseCodec.decode(W3CHttpResponseCodec.java:122)
at org.openqa.selenium.remote.http.W3CHttpResponseCodec.decode(W3CHttpResponseCodec.java:49)
at org.openqa.selenium.remote.HttpCommandExecutor.execute(HttpCommandExecutor.java:158)
at io.appium.java_client.remote.AppiumCommandExecutor.execute(AppiumCommandExecutor.java:239)
at org.openqa.selenium.remote.RemoteWebDriver.execute(RemoteWebDriver.java:552)
at io.appium.java_client.DefaultGenericMobileDriver.execute(DefaultGenericMobileDriver.java:42)
at io.appium.java_client.AppiumDriver.execute(AppiumDriver.java:1)
at io.appium.java_client.android.AndroidDriver.execute(AndroidDriver.java:1)
at org.openqa.selenium.remote.RemoteWebDriver.findElement(RemoteWebDriver.java:323)
at io.appium.java_client.DefaultGenericMobileDriver.findElement(DefaultGenericMobileDriver.java:62)
at io.appium.java_client.AppiumDriver.findElement(AppiumDriver.java:1)
at io.appium.java_client.android.AndroidDriver.findElement(AndroidDriver.java:1)
at org.openqa.selenium.remote.RemoteWebDriver.findElementByXPath(RemoteWebDriver.java:428)
at io.appium.java_client.DefaultGenericMobileDriver.findElementByXPath(DefaultGenericMobileDriver.java:152)
at io.appium.java_client.AppiumDriver.findElementByXPath(AppiumDriver.java:1)
at io.appium.java_client.android.AndroidDriver.findElementByXPath(AndroidDriver.java:1)
at org.openqa.selenium.By$ByXPath.findElement(By.java:353)
at org.openqa.selenium.remote.RemoteWebDriver.findElement(RemoteWebDriver.java:315)
at io.appium.java_client.DefaultGenericMobileDriver.findElement(DefaultGenericMobileDriver.java:58)
at io.appium.java_client.AppiumDriver.findElement(AppiumDriver.java:1)
at io.appium.java_client.android.AndroidDriver.findElement(AndroidDriver.java:1)
at AndroidAppiumAuto.CommonMethods.MyBenefits(CommonMethods.java:1263)
at AndroidAppiumAuto.AppActivity.VIPMyBenefits(AppActivity.java:213)
at sun.reflect.NativeMethodAccessorImpl.invoke0(Native Method)
at sun.reflect.NativeMethodAccessorImpl.invoke(Unknown Source)
at sun.reflect.DelegatingMethodAccessorImpl.invoke(Unknown Source)
at java.lang.reflect.Method.invoke(Unknown Source)
at org.testng.internal.MethodInvocationHelper.invokeMethod(MethodInvocationHelper.java:124)
at org.testng.internal.Invoker.invokeMethod(Invoker.java:583)
at org.testng.internal.Invoker.invokeTestMethod(Invoker.java:719)
at org.testng.internal.Invoker.invokeTestMethods(Invoker.java:989)
at org.testng.internal.TestMethodWorker.invokeTestMethods(TestMethodWorker.java:125)
at org.testng.internal.TestMethodWorker.run(TestMethodWorker.java:109)
at org.testng.TestRunner.privateRun(TestRunner.java:648)
at org.testng.TestRunner.run(TestRunner.java:505)
at org.testng.SuiteRunner.runTest(SuiteRunner.java:455)
at org.testng.SuiteRunner.runSequentially(SuiteRunner.java:450)
at org.testng.SuiteRunner.privateRun(SuiteRunner.java:415)
at org.testng.SuiteRunner.run(SuiteRunner.java:364)
at org.testng.SuiteRunnerWorker.runSuite(SuiteRunnerWorker.java:52)
at org.testng.SuiteRunnerWorker.run(SuiteRunnerWorker.java:84)
at org.testng.TestNG.runSuitesSequentially(TestNG.java:1208)
at org.testng.TestNG.runSuitesLocally(TestNG.java:1137)
at org.testng.TestNG.runSuites(TestNG.java:1049)
at org.testng.TestNG.run(TestNG.java:1017)
at org.testng.remote.AbstractRemoteTestNG.run(AbstractRemoteTestNG.java:114)
at org.testng.remote.RemoteTestNG.initAndRun(RemoteTestNG.java:251)
at org.testng.remote.RemoteTestNG.main(RemoteTestNG.java:77)
]]>
            </full-stacktrace>
          </exception> <!-- org.openqa.selenium.NoSuchElementException -->
          <reporter-output>
          </reporter-output>
        </test-method> <!-- VIPMyBenefits -->
        <test-method status="PASS" signature="getResult(org.testng.ITestResult)[pri:0, instance:AndroidAppiumAuto.AppActivity@57e1b0c]" name="getResult" is-config="true" duration-ms="1223" started-at="2020-09-15T16:05:37Z" finished-at="2020-09-15T16:05:38Z">
          <params>
            <param index="0">
              <value>
                <![CDATA[[TestResult name=VIPMyBenefits status=FAILURE method=AppActivity.VIPMyBenefits()[pri:14, instance:AndroidAppiumAuto.AppActivity@57e1b0c] output={null}]]]>
              </value>
            </param>
          </params>
          <reporter-output>
          </reporter-output>
        </test-method> <!-- getResult -->
        <test-method status="PASS" signature="VIPProfileUpdate()[pri:15, instance:AndroidAppiumAuto.AppActivity@57e1b0c]" name="VIPProfileUpdate" duration-ms="98473" started-at="2020-09-15T16:05:38Z" description="VIP ProfileUpdate" finished-at="2020-09-15T16:07:16Z">
          <reporter-output>
          </reporter-output>
        </test-method> <!-- VIPProfileUpdate -->
        <test-method status="PASS" signature="getResult(org.testng.ITestResult)[pri:0, instance:AndroidAppiumAuto.AppActivity@57e1b0c]" name="getResult" is-config="true" duration-ms="1" started-at="2020-09-15T16:07:16Z" finished-at="2020-09-15T16:07:16Z">
          <params>
            <param index="0">
              <value>
                <![CDATA[[TestResult name=VIPProfileUpdate status=SUCCESS method=AppActivity.VIPProfileUpdate()[pri:15, instance:AndroidAppiumAuto.AppActivity@57e1b0c] output={null}]]]>
              </value>
            </param>
          </params>
          <reporter-output>
          </reporter-output>
        </test-method> <!-- getResult -->
        <test-method status="PASS" signature="BannerDet()[pri:16, instance:AndroidAppiumAuto.AppActivity@57e1b0c]" name="BannerDet" duration-ms="96370" started-at="2020-09-15T16:07:16Z" description="ETBanners" finished-at="2020-09-15T16:08:53Z">
          <reporter-output>
          </reporter-output>
        </test-method> <!-- BannerDet -->
        <test-method status="PASS" signature="getResult(org.testng.ITestResult)[pri:0, instance:AndroidAppiumAuto.AppActivity@57e1b0c]" name="getResult" is-config="true" duration-ms="23" started-at="2020-09-15T16:08:53Z" finished-at="2020-09-15T16:08:53Z">
          <params>
            <param index="0">
              <value>
                <![CDATA[[TestResult name=BannerDet status=SUCCESS method=AppActivity.BannerDet()[pri:16, instance:AndroidAppiumAuto.AppActivity@57e1b0c] output={null}]]]>
              </value>
            </param>
          </params>
          <reporter-output>
          </reporter-output>
        </test-method> <!-- getResult -->
        <test-method status="PASS" signature="QueryBalanceApi()[pri:17, instance:AndroidAppiumAuto.AppActivity@57e1b0c]" name="QueryBalanceApi" duration-ms="25063" started-at="2020-09-15T16:08:53Z" description="QueryBalance" finished-at="2020-09-15T16:09:18Z">
          <reporter-output>
          </reporter-output>
        </test-method> <!-- QueryBalanceApi -->
        <test-method status="PASS" signature="getResult(org.testng.ITestResult)[pri:0, instance:AndroidAppiumAuto.AppActivity@57e1b0c]" name="getResult" is-config="true" duration-ms="0" started-at="2020-09-15T16:09:18Z" finished-at="2020-09-15T16:09:18Z">
          <params>
            <param index="0">
              <value>
                <![CDATA[[TestResult name=QueryBalanceApi status=SUCCESS method=AppActivity.QueryBalanceApi()[pri:17, instance:AndroidAppiumAuto.AppActivity@57e1b0c] output={null}]]]>
              </value>
            </param>
          </params>
          <reporter-output>
          </reporter-output>
        </test-method> <!-- getResult -->
        <test-method status="PASS" signature="LiveTVDetails()[pri:18, instance:AndroidAppiumAuto.AppActivity@57e1b0c]" name="LiveTVDetails" duration-ms="52054" started-at="2020-09-15T16:09:18Z" description="LiveTV Details" finished-at="2020-09-15T16:10:10Z">
          <reporter-output>
          </reporter-output>
        </test-method> <!-- LiveTVDetails -->
        <test-method status="PASS" signature="getResult(org.testng.ITestResult)[pri:0, instance:AndroidAppiumAuto.AppActivity@57e1b0c]" name="getResult" is-config="true" duration-ms="0" started-at="2020-09-15T16:10:10Z" finished-at="2020-09-15T16:10:10Z">
          <params>
            <param index="0">
              <value>
                <![CDATA[[TestResult name=LiveTVDetails status=SUCCESS method=AppActivity.LiveTVDetails()[pri:18, instance:AndroidAppiumAuto.AppActivity@57e1b0c] output={null}]]]>
              </value>
            </param>
          </params>
          <reporter-output>
          </reporter-output>
        </test-method> <!-- getResult -->
        <test-method status="FAIL" signature="ByopQueryBalance()[pri:19, instance:AndroidAppiumAuto.AppActivity@57e1b0c]" name="ByopQueryBalance" duration-ms="116839" started-at="2020-09-15T16:10:10Z" description="Byop Query Balance" finished-at="2020-09-15T16:12:07Z">
          <exception class="org.openqa.selenium.TimeoutException">
            <message>
              <![CDATA[Expected condition failed: waiting for visibility of element located by By.xpath: //android.widget.TextView[contains(@resource-id, 'com.ooredoo.selfcare:id/isb_progress')] (tried for 30 second(s) with 500 milliseconds interval)]]>
            </message>
            <full-stacktrace>
              <![CDATA[org.openqa.selenium.TimeoutException: Expected condition failed: waiting for visibility of element located by By.xpath: //android.widget.TextView[contains(@resource-id, 'com.ooredoo.selfcare:id/isb_progress')] (tried for 30 second(s) with 500 milliseconds interval)
at org.openqa.selenium.support.ui.WebDriverWait.timeoutException(WebDriverWait.java:95)
at org.openqa.selenium.support.ui.FluentWait.until(FluentWait.java:272)
at AndroidAppiumAuto.SupportMethods.AppValidationList(SupportMethods.java:56)
at AndroidAppiumAuto.AppActivity.ByopQueryBalance(AppActivity.java:386)
at sun.reflect.NativeMethodAccessorImpl.invoke0(Native Method)
at sun.reflect.NativeMethodAccessorImpl.invoke(Unknown Source)
at sun.reflect.DelegatingMethodAccessorImpl.invoke(Unknown Source)
at java.lang.reflect.Method.invoke(Unknown Source)
at org.testng.internal.MethodInvocationHelper.invokeMethod(MethodInvocationHelper.java:124)
at org.testng.internal.Invoker.invokeMethod(Invoker.java:583)
at org.testng.internal.Invoker.invokeTestMethod(Invoker.java:719)
at org.testng.internal.Invoker.invokeTestMethods(Invoker.java:989)
at org.testng.internal.TestMethodWorker.invokeTestMethods(TestMethodWorker.java:125)
at org.testng.internal.TestMethodWorker.run(TestMethodWorker.java:109)
at org.testng.TestRunner.privateRun(TestRunner.java:648)
at org.testng.TestRunner.run(TestRunner.java:505)
at org.testng.SuiteRunner.runTest(SuiteRunner.java:455)
at org.testng.SuiteRunner.runSequentially(SuiteRunner.java:450)
at org.testng.SuiteRunner.privateRun(SuiteRunner.java:415)
at org.testng.SuiteRunner.run(SuiteRunner.java:364)
at org.testng.SuiteRunnerWorker.runSuite(SuiteRunnerWorker.java:52)
at org.testng.SuiteRunnerWorker.run(SuiteRunnerWorker.java:84)
at org.testng.TestNG.runSuitesSequentially(TestNG.java:1208)
at org.testng.TestNG.runSuitesLocally(TestNG.java:1137)
at org.testng.TestNG.runSuites(TestNG.java:1049)
at org.testng.TestNG.run(TestNG.java:1017)
at org.testng.remote.AbstractRemoteTestNG.run(AbstractRemoteTestNG.java:114)
at org.testng.remote.RemoteTestNG.initAndRun(RemoteTestNG.java:251)
at org.testng.remote.RemoteTestNG.main(RemoteTestNG.java:77)
Caused by: org.openqa.selenium.NoSuchElementException: An element could not be located on the page using the given search parameters.
For documentation on this error, please visit: https://www.seleniumhq.org/exceptions/no_such_element.html
Build info: version: '3.141.59', revision: 'e82be7d358', time: '2018-11-14T08:17:03'
System info: host: 'WLPT761', ip: '172.16.40.212', os.name: 'Windows 10', os.arch: 'amd64', os.version: '10.0', java.version: '1.8.0_261'
Driver info: io.appium.java_client.android.AndroidDriver
Capabilities {appActivity: com.ooredoo.selfcare.Ooredoo, appPackage: com.ooredoo.selfcare, autoGrantPermissions: true, autoWebView: true, automationName: UiAutomator2, databaseEnabled: false, desired: {appActivity: com.ooredoo.selfcare.Ooredoo, appPackage: com.ooredoo.selfcare, autoGrantPermissions: true, autoWebView: true, automationName: UiAutomator2, deviceName: uiautomatorviewer, maxInstances: 3, name:  OM Sample Test, platformName: android, platformVersion: 9, udid: 520074b4ee426523}, deviceApiLevel: 28, deviceManufacturer: samsung, deviceModel: SM-A730F, deviceName: 520074b4ee426523, deviceScreenDensity: 480, deviceScreenSize: 1080x2220, deviceUDID: 520074b4ee426523, javascriptEnabled: true, locationContextEnabled: false, maxInstances: 3, name:  OM Sample Test, networkConnectionEnabled: true, pixelRatio: 3, platform: LINUX, platformName: Android, platformVersion: 9, statBarHeight: 72, takesScreenshot: true, udid: 520074b4ee426523, viewportRect: {height: 2004, left: 0, top: 72, width: 1080}, warnings: {}, webStorageEnabled: false}
Session ID: a1dbdcba-4904-4496-be6f-0ef5ce8bcc9f
*** Element info: {Using=xpath, value=//android.widget.TextView[contains(@resource-id, 'com.ooredoo.selfcare:id/isb_progress')]}
at sun.reflect.GeneratedConstructorAccessor58.newInstance(Unknown Source)
at sun.reflect.DelegatingConstructorAccessorImpl.newInstance(Unknown Source)
at java.lang.reflect.Constructor.newInstance(Unknown Source)
at org.openqa.selenium.remote.http.W3CHttpResponseCodec.createException(W3CHttpResponseCodec.java:187)
at org.openqa.selenium.remote.http.W3CHttpResponseCodec.decode(W3CHttpResponseCodec.java:122)
at org.openqa.selenium.remote.http.W3CHttpResponseCodec.decode(W3CHttpResponseCodec.java:49)
at org.openqa.selenium.remote.HttpCommandExecutor.execute(HttpCommandExecutor.java:158)
at io.appium.java_client.remote.AppiumCommandExecutor.execute(AppiumCommandExecutor.java:239)
at org.openqa.selenium.remote.RemoteWebDriver.execute(RemoteWebDriver.java:552)
at io.appium.java_client.DefaultGenericMobileDriver.execute(DefaultGenericMobileDriver.java:42)
at io.appium.java_client.AppiumDriver.execute(AppiumDriver.java:1)
at io.appium.java_client.android.AndroidDriver.execute(AndroidDriver.java:1)
at org.openqa.selenium.remote.RemoteWebDriver.findElement(RemoteWebDriver.java:323)
at io.appium.java_client.DefaultGenericMobileDriver.findElement(DefaultGenericMobileDriver.java:62)
at io.appium.java_client.AppiumDriver.findElement(AppiumDriver.java:1)
at io.appium.java_client.android.AndroidDriver.findElement(AndroidDriver.java:1)
at org.openqa.selenium.remote.RemoteWebDriver.findElementByXPath(RemoteWebDriver.java:428)
at io.appium.java_client.DefaultGenericMobileDriver.findElementByXPath(DefaultGenericMobileDriver.java:152)
at io.appium.java_client.AppiumDriver.findElementByXPath(AppiumDriver.java:1)
at io.appium.java_client.android.AndroidDriver.findElementByXPath(AndroidDriver.java:1)
at org.openqa.selenium.By$ByXPath.findElement(By.java:353)
at org.openqa.selenium.remote.RemoteWebDriver.findElement(RemoteWebDriver.java:315)
at io.appium.java_client.DefaultGenericMobileDriver.findElement(DefaultGenericMobileDriver.java:58)
at io.appium.java_client.AppiumDriver.findElement(AppiumDriver.java:1)
at io.appium.java_client.android.AndroidDriver.findElement(AndroidDriver.java:1)
at org.openqa.selenium.support.ui.ExpectedConditions$7.apply(ExpectedConditions.java:205)
at org.openqa.selenium.support.ui.ExpectedConditions$7.apply(ExpectedConditions.java:201)
at org.openqa.selenium.support.ui.FluentWait.until(FluentWait.java:249)
... 27 more
]]>
            </full-stacktrace>
          </exception> <!-- org.openqa.selenium.TimeoutException -->
          <reporter-output>
          </reporter-output>
        </test-method> <!-- ByopQueryBalance -->
        <test-method status="PASS" signature="getResult(org.testng.ITestResult)[pri:0, instance:AndroidAppiumAuto.AppActivity@57e1b0c]" name="getResult" is-config="true" duration-ms="1544" started-at="2020-09-15T16:12:07Z" finished-at="2020-09-15T16:12:08Z">
          <params>
            <param index="0">
              <value>
                <![CDATA[[TestResult name=ByopQueryBalance status=FAILURE method=AppActivity.ByopQueryBalance()[pri:19, instance:AndroidAppiumAuto.AppActivity@57e1b0c] output={null}]]]>
              </value>
            </param>
          </params>
          <reporter-output>
          </reporter-output>
        </test-method> <!-- getResult -->
        <test-method status="PASS" signature="Report_An_Issue()[pri:20, instance:AndroidAppiumAuto.AppActivity@57e1b0c]" name="Report_An_Issue" duration-ms="86993" started-at="2020-09-15T16:12:08Z" description="Report an Issue" finished-at="2020-09-15T16:13:35Z">
          <reporter-output>
          </reporter-output>
        </test-method> <!-- Report_An_Issue -->
        <test-method status="PASS" signature="getResult(org.testng.ITestResult)[pri:0, instance:AndroidAppiumAuto.AppActivity@57e1b0c]" name="getResult" is-config="true" duration-ms="0" started-at="2020-09-15T16:13:35Z" finished-at="2020-09-15T16:13:35Z">
          <params>
            <param index="0">
              <value>
                <![CDATA[[TestResult name=Report_An_Issue status=SUCCESS method=AppActivity.Report_An_Issue()[pri:20, instance:AndroidAppiumAuto.AppActivity@57e1b0c] output={null}]]]>
              </value>
            </param>
          </params>
          <reporter-output>
          </reporter-output>
        </test-method> <!-- getResult -->
        <test-method status="PASS" signature="More_Settings()[pri:21, instance:AndroidAppiumAuto.AppActivity@57e1b0c]" name="More_Settings" duration-ms="77588" started-at="2020-09-15T16:13:35Z" description="More Settings" finished-at="2020-09-15T16:14:53Z">
          <reporter-output>
          </reporter-output>
        </test-method> <!-- More_Settings -->
        <test-method status="PASS" signature="getResult(org.testng.ITestResult)[pri:0, instance:AndroidAppiumAuto.AppActivity@57e1b0c]" name="getResult" is-config="true" duration-ms="0" started-at="2020-09-15T16:14:53Z" finished-at="2020-09-15T16:14:53Z">
          <params>
            <param index="0">
              <value>
                <![CDATA[[TestResult name=More_Settings status=SUCCESS method=AppActivity.More_Settings()[pri:21, instance:AndroidAppiumAuto.AppActivity@57e1b0c] output={null}]]]>
              </value>
            </param>
          </params>
          <reporter-output>
          </reporter-output>
        </test-method> <!-- getResult -->
        <test-method status="PASS" signature="Ooredoo_Play()[pri:22, instance:AndroidAppiumAuto.AppActivity@57e1b0c]" name="Ooredoo_Play" duration-ms="111085" started-at="2020-09-15T16:14:53Z" description="OoredooPlay" finished-at="2020-09-15T16:16:44Z">
          <reporter-output>
          </reporter-output>
        </test-method> <!-- Ooredoo_Play -->
        <test-method status="PASS" signature="getResult(org.testng.ITestResult)[pri:0, instance:AndroidAppiumAuto.AppActivity@57e1b0c]" name="getResult" is-config="true" duration-ms="4" started-at="2020-09-15T16:16:44Z" finished-at="2020-09-15T16:16:44Z">
          <params>
            <param index="0">
              <value>
                <![CDATA[[TestResult name=Ooredoo_Play status=SUCCESS method=AppActivity.Ooredoo_Play()[pri:22, instance:AndroidAppiumAuto.AppActivity@57e1b0c] output={null}]]]>
              </value>
            </param>
          </params>
          <reporter-output>
          </reporter-output>
        </test-method> <!-- getResult -->
        <test-method status="PASS" signature="accountview()[pri:23, instance:AndroidAppiumAuto.AppActivity@57e1b0c]" name="accountview" duration-ms="140980" started-at="2020-09-15T16:16:44Z" description="Existing Packages" finished-at="2020-09-15T16:19:05Z">
          <reporter-output>
          </reporter-output>
        </test-method> <!-- accountview -->
        <test-method status="PASS" signature="getResult(org.testng.ITestResult)[pri:0, instance:AndroidAppiumAuto.AppActivity@57e1b0c]" name="getResult" is-config="true" duration-ms="1" started-at="2020-09-15T16:19:05Z" finished-at="2020-09-15T16:19:05Z">
          <params>
            <param index="0">
              <value>
                <![CDATA[[TestResult name=accountview status=SUCCESS method=AppActivity.accountview()[pri:23, instance:AndroidAppiumAuto.AppActivity@57e1b0c] output={null}]]]>
              </value>
            </param>
          </params>
          <reporter-output>
          </reporter-output>
        </test-method> <!-- getResult -->
        <test-method status="PASS" signature="tearDown()[pri:0, instance:AndroidAppiumAuto.AppActivity@57e1b0c]" name="tearDown" is-config="true" duration-ms="4548" started-at="2020-09-15T16:19:05Z" finished-at="2020-09-15T16:19:10Z">
          <reporter-output>
          </reporter-output>
        </test-method> <!-- tearDown -->
      </class> <!-- AndroidAppiumAuto.AppActivity -->
    </test> <!-- Test -->
  </suite> <!-- Suite -->
</testng-results>
